[02/26, 17:58:50 EST] [INFO] Authorized access from whitelisted domain: https://sparkradar.app
[02/26, 17:58:47 EST] [INFO] Authorized access from whitelisted domain: https://sparkradar.app
[02/26, 17:57:47 EST] [INFO] Authorized access from whitelisted domain: https://sparkradar.app
[02/26, 17:56:51 EST] [INFO] Authorized access from whitelisted domain: https://sparkradar.app
[02/26, 17:56:47 EST] [INFO] Authorized access from whitelisted domain: https://sparkradar.app
[02/26, 17:55:47 EST] [INFO] Authorized access from whitelisted domain: https://sparkradar.app
[02/26, 17:55:47 EST] [INFO] Authorized access from whitelisted domain: https://sparkradar.app
[02/26, 17:54:47 EST] [INFO] Authorized access from whitelisted domain: https://sparkradar.app
[02/26, 17:54:26 EST] [INFO] No matching alert found to cancel.
[02/26, 17:53:52 EST] [INFO] Authorized access from whitelisted domain: https://sparkradar.app
[02/26, 17:53:47 EST] [INFO] Authorized access from whitelisted domain: https://sparkradar.app
[02/26, 17:53:36 EST] [INFO] Invalid XML message structure, message will not be processed. See console output for details.
[02/26, 17:53:35 EST] [INFO] Connected to XMPP server as tyler.granzow@nwws-oi.weather.gov/SparkAlerts NWWS Ingest Client
[02/26, 17:53:34 EST] [INFO] Expired alerts cleanup: removed 11 alert(s).
[02/26, 17:53:34 EST] [INFO] API is now running at http://localhost:8433
[02/25, 22:52:17 EST] [INFO] Authorized access from whitelisted domain: http://localhost:5173
[02/25, 22:52:02 EST] [INFO] Authorized access from whitelisted domain: http://localhost:5173
[02/25, 22:51:54 EST] [INFO] Authorized access from whitelisted domain: http://localhost:5173
[02/25, 22:49:24 EST] [INFO] ALLOW_NO_ORIGIN enabled — bypassing origin whitelist and auth for origin: none
[02/25, 22:48:56 EST] [INFO] SSE client disconnected. Total subscribers: 0
[02/25, 22:46:56 EST] [INFO] Authorized access from whitelisted domain: https://sparkradar.app
[02/25, 22:46:56 EST] [INFO] SSE client subscribed. Total subscribers: 1
[02/25, 22:46:56 EST] [INFO] Authorized access from whitelisted domain: https://sparkradar.app
[02/25, 22:46:52 EST] [INFO] Authorized access from whitelisted domain: https://sparkradar.app
[02/25, 22:42:25 EST] [INFO] Connected to XMPP server as tyler.granzow@nwws-oi.weather.gov/SparkAlerts NWWS Ingest Client
[02/25, 22:42:23 EST] [INFO] API is now running at http://localhost:8433
[02/25, 22:39:24 EST] [INFO] ALLOW_NO_ORIGIN enabled — bypassing origin whitelist and auth for origin: none
[02/25, 22:31:56 EST] [INFO] SSE client disconnected. Total subscribers: 0
[02/25, 22:31:55 EST] [INFO] Authorized access from whitelisted domain: https://sparkradar.app
[02/25, 22:31:45 EST] [INFO] Authorized access from whitelisted domain: https://sparkradar.app
[02/25, 22:31:44 EST] [INFO] SSE client subscribed. Total subscribers: 1
[02/25, 22:31:44 EST] [INFO] Authorized access from whitelisted domain: https://sparkradar.app
[02/25, 22:31:44 EST] [INFO] Authorized access from whitelisted domain: https://sparkradar.app
[02/25, 22:31:39 EST] [INFO] Connected to XMPP server as tyler.granzow@nwws-oi.weather.gov/SparkAlerts NWWS Ingest Client
[02/25, 22:31:37 EST] [INFO] API is now running at http://localhost:8433
[02/25, 22:31:23 EST] [INFO] No matching alert found to cancel.
[02/25, 22:30:56 EST] [INFO] SSE client disconnected. Total subscribers: 1
[02/25, 22:30:48 EST] [INFO] SSE client disconnected. Total subscribers: 2
[02/25, 22:29:59 EST] [INFO] Authorized access from whitelisted domain: https://sparkradar.app
[02/25, 22:29:57 EST] [INFO] Authorized access from whitelisted domain: https://sparkradar.app
[02/25, 22:29:56 EST] [INFO] SSE client subscribed. Total subscribers: 3
[02/25, 22:29:56 EST] [INFO] Authorized access from whitelisted domain: https://sparkradar.app
[02/25, 22:29:31 EST] [INFO] Authorized access from whitelisted domain: https://sparkradar.app
[02/25, 22:29:24 EST] [INFO] ALLOW_NO_ORIGIN enabled — bypassing origin whitelist and auth for origin: none
[02/25, 22:29:21 EST] [INFO] Authorized access from whitelisted domain: https://sparkradar.app
[02/25, 22:29:19 EST] [INFO] Authorized access from whitelisted domain: https://sparkradar.app
[02/25, 22:29:18 EST] [INFO] SSE client subscribed. Total subscribers: 2
[02/25, 22:29:18 EST] [INFO] Authorized access from whitelisted domain: https://sparkradar.app
[02/25, 22:27:25 EST] [INFO] Authorized access from whitelisted domain: http://localhost:5173
[02/25, 22:27:25 EST] [INFO] Authorized access from whitelisted domain: https://sparkradar.app
[02/25, 22:26:32 EST] [INFO] Authorized access from whitelisted domain: http://localhost:5173
[02/25, 22:26:25 EST] [INFO] Authorized access from whitelisted domain: https://sparkradar.app
[02/25, 22:26:17 EST] [INFO] Authorized access from whitelisted domain: http://localhost:5173
[02/25, 22:26:02 EST] [INFO] Authorized access from whitelisted domain: http://localhost:5173
[02/25, 22:25:47 EST] [INFO] Authorized access from whitelisted domain: http://localhost:5173
[02/25, 22:25:35 EST] [INFO] Authorized access from whitelisted domain: http://localhost:5173
[02/25, 22:25:28 EST] [INFO] Authorized access from whitelisted domain: https://sparkradar.app
[02/25, 22:25:17 EST] [INFO] Authorized access from whitelisted domain: http://localhost:5173
[02/25, 22:25:07 EST] [INFO] Authorized access from whitelisted domain: http://localhost:5173
[02/25, 22:25:04 EST] [INFO] Authorized access from whitelisted domain: https://sparkradar.app
[02/25, 22:25:04 EST] [INFO] SSE client subscribed. Total subscribers: 1
[02/25, 22:25:04 EST] [INFO] Authorized access from whitelisted domain: https://sparkradar.app
[02/25, 22:25:01 EST] [INFO] Authorized access from whitelisted domain: https://sparkradar.app
[02/25, 22:24:00 EST] [INFO] SSE client disconnected. Total subscribers: 0
[02/25, 22:20:55 EST] [INFO] Authorized access from whitelisted domain: https://sparkradar.app
[02/25, 22:20:40 EST] [INFO] Authorized access from whitelisted domain: https://sparkradar.app
[02/25, 22:20:25 EST] [INFO] Authorized access from whitelisted domain: https://sparkradar.app
[02/25, 22:20:10 EST] [INFO] Authorized access from whitelisted domain: https://sparkradar.app
[02/25, 22:20:00 EST] [INFO] Authorized access from whitelisted domain: https://sparkradar.app
[02/25, 22:20:00 EST] [INFO] SSE client subscribed. Total subscribers: 1
[02/25, 22:20:00 EST] [INFO] Authorized access from whitelisted domain: https://sparkradar.app
[02/25, 22:19:24 EST] [INFO] ALLOW_NO_ORIGIN enabled — bypassing origin whitelist and auth for origin: none
[02/25, 22:09:24 EST] [INFO] ALLOW_NO_ORIGIN enabled — bypassing origin whitelist and auth for origin: none
[02/25, 22:09:18 EST] [INFO] No matching alert found to cancel.
[02/25, 22:06:56 EST] [INFO] SSE client disconnected. Total subscribers: 0
[02/25, 22:06:53 EST] [INFO] SSE client disconnected. Total subscribers: 1
[02/25, 22:05:52 EST] [INFO] Authorized access from whitelisted domain: http://localhost:5173
[02/25, 22:05:51 EST] [INFO] SSE client disconnected. Total subscribers: 2
[02/25, 22:05:37 EST] [INFO] Authorized access from whitelisted domain: http://localhost:5173
[02/25, 22:05:28 EST] [INFO] Authorized access from whitelisted domain: https://sparkradar.app
[02/25, 22:05:22 EST] [INFO] Authorized access from whitelisted domain: http://localhost:5173
[02/25, 22:05:10 EST] [INFO] SSE client disconnected. Total subscribers: 3
[02/25, 22:05:07 EST] [INFO] Authorized access from whitelisted domain: http://localhost:5173
[02/25, 22:05:07 EST] [INFO] Authorized access from whitelisted domain: https://sparkradar.app
[02/25, 22:04:57 EST] [INFO] Authorized access from whitelisted domain: http://localhost:5173
[02/25, 22:04:56 EST] [INFO] Authorized access from whitelisted domain: http://localhost:5173
[02/25, 22:04:56 EST] [INFO] SSE client subscribed. Total subscribers: 4
[02/25, 22:04:56 EST] [INFO] Authorized access from whitelisted domain: http://localhost:5173
[02/25, 22:04:53 EST] [INFO] Authorized access from whitelisted domain: https://sparkradar.app
[02/25, 22:04:53 EST] [INFO] SSE client subscribed. Total subscribers: 3
[02/25, 22:04:53 EST] [INFO] Authorized access from whitelisted domain: https://sparkradar.app
[02/25, 22:04:51 EST] [INFO] Authorized access from whitelisted domain: http://localhost:5173
[02/25, 22:04:51 EST] [INFO] Authorized access from whitelisted domain: https://sparkradar.app
[02/25, 22:04:51 EST] [INFO] SSE client subscribed. Total subscribers: 2
[02/25, 22:04:51 EST] [INFO] Authorized access from whitelisted domain: http://localhost:5173
[02/25, 22:04:47 EST] [INFO] Authorized access from whitelisted domain: http://localhost:5173
[02/25, 22:04:46 EST] [INFO] Authorized access from whitelisted domain: https://sparkradar.app
[02/25, 22:04:36 EST] [INFO] Authorized access from whitelisted domain: https://sparkradar.app
[02/25, 22:04:22 EST] [INFO] Authorized access from whitelisted domain: https://sparkradar.app
[02/25, 22:04:06 EST] [INFO] Authorized access from whitelisted domain: https://sparkradar.app
[02/25, 22:03:51 EST] [INFO] Authorized access from whitelisted domain: https://sparkradar.app
[02/25, 22:03:36 EST] [INFO] Authorized access from whitelisted domain: https://sparkradar.app
[02/25, 22:03:23 EST] [INFO] Authorized access from whitelisted domain: https://sparkradar.app
[02/25, 22:03:23 EST] [INFO] SSE client subscribed. Total subscribers: 1
[02/25, 22:03:23 EST] [INFO] Authorized access from whitelisted domain: https://sparkradar.app
[02/25, 22:03:21 EST] [INFO] Authorized access from whitelisted domain: https://sparkradar.app
[02/25, 22:00:16 EST] [INFO] Expired alerts cleanup: removed 1 alert(s).
[02/25, 22:00:14 EST] [INFO] SSE client disconnected. Total subscribers: 0
[02/25, 22:00:09 EST] [INFO] SSE client disconnected. Total subscribers: 1
[02/25, 21:59:24 EST] [INFO] ALLOW_NO_ORIGIN enabled — bypassing origin whitelist and auth for origin: none
[02/25, 21:58:28 EST] [INFO] Authorized access from whitelisted domain: https://sparkradar.app
[02/25, 21:58:28 EST] [INFO] Authorized access from whitelisted domain: http://localhost:5173
[02/25, 21:57:31 EST] [INFO] ALLOW_NO_ORIGIN enabled — bypassing origin whitelist and auth for origin: none
[02/25, 21:57:26 EST] [INFO] Authorized access from whitelisted domain: http://localhost:5173
[02/25, 21:57:26 EST] [INFO] Authorized access from whitelisted domain: https://sparkradar.app
[02/25, 21:56:25 EST] [INFO] Authorized access from whitelisted domain: https://sparkradar.app
[02/25, 21:56:25 EST] [INFO] Authorized access from whitelisted domain: http://localhost:5173
[02/25, 21:56:06 EST] [INFO] Authorized access from whitelisted domain: http://localhost:5173
[02/25, 21:55:51 EST] [INFO] Authorized access from whitelisted domain: http://localhost:5173
[02/25, 21:55:36 EST] [INFO] Authorized access from whitelisted domain: http://localhost:5173
[02/25, 21:55:36 EST] [INFO] Authorized access from whitelisted domain: http://localhost:5173
[02/25, 21:55:32 EST] [INFO] Authorized access from whitelisted domain: http://localhost:5173
[02/25, 21:55:26 EST] [INFO] Authorized access from whitelisted domain: https://sparkradar.app
[02/25, 21:55:25 EST] [INFO] Authorized access from whitelisted domain: http://localhost:5173
[02/25, 21:55:09 EST] [INFO] Authorized access from whitelisted domain: http://localhost:5173
[02/25, 21:54:51 EST] [INFO] Authorized access from whitelisted domain: http://localhost:5173
[02/25, 21:54:51 EST] [INFO] Authorized access from whitelisted domain: http://localhost:5173
[02/25, 21:54:44 EST] [INFO] Authorized access from whitelisted domain: http://localhost:5173
[02/25, 21:54:44 EST] [INFO] SSE client subscribed. Total subscribers: 2
[02/25, 21:54:44 EST] [INFO] Authorized access from whitelisted domain: http://localhost:5173
[02/25, 21:54:41 EST] [INFO] Authorized access from whitelisted domain: http://localhost:5173
[02/25, 21:54:41 EST] [INFO] Authorized access from whitelisted domain: http://localhost:5173
[02/25, 21:54:25 EST] [INFO] Authorized access from whitelisted domain: https://sparkradar.app
[02/25, 21:53:25 EST] [INFO] Authorized access from whitelisted domain: https://sparkradar.app
[02/25, 21:53:07 EST] [INFO] Authorized access from whitelisted domain: https://sparkradar.app
[02/25, 21:52:55 EST] [INFO] Authorized access from whitelisted domain: https://sparkradar.app
[02/25, 21:52:52 EST] [INFO] Authorized access from whitelisted domain: https://sparkradar.app
[02/25, 21:52:37 EST] [INFO] Authorized access from whitelisted domain: https://sparkradar.app
[02/25, 21:52:22 EST] [INFO] Authorized access from whitelisted domain: https://sparkradar.app
[02/25, 21:52:12 EST] [INFO] SSE client disconnected. Total subscribers: 1
[02/25, 21:52:07 EST] [INFO] Authorized access from whitelisted domain: https://sparkradar.app
[02/25, 21:51:52 EST] [INFO] Authorized access from whitelisted domain: https://sparkradar.app
[02/25, 21:51:42 EST] [INFO] Authorized access from whitelisted domain: https://sparkradar.app
[02/25, 21:51:39 EST] [INFO] Authorized access from whitelisted domain: https://sparkradar.app
[02/25, 21:51:39 EST] [INFO] SSE client subscribed. Total subscribers: 2
[02/25, 21:51:39 EST] [INFO] Authorized access from whitelisted domain: https://sparkradar.app
[02/25, 21:51:15 EST] [INFO] Authorized access from whitelisted domain: http://localhost:5173
[02/25, 21:51:12 EST] [INFO] Authorized access from whitelisted domain: http://localhost:5173
[02/25, 21:51:12 EST] [INFO] SSE client subscribed. Total subscribers: 1
[02/25, 21:51:12 EST] [INFO] Authorized access from whitelisted domain: http://localhost:5173
[02/25, 21:50:19 EST] [INFO] Authorized access from whitelisted domain: http://localhost:5173
[02/25, 21:50:19 EST] [INFO] Authorized access from whitelisted domain: http://localhost:5173
[02/25, 21:50:04 EST] [INFO] Authorized access from whitelisted domain: http://localhost:5173
[02/25, 21:50:04 EST] [INFO] Authorized access from whitelisted domain: http://localhost:5173
[02/25, 21:49:49 EST] [INFO] Authorized access from whitelisted domain: http://localhost:5173
[02/25, 21:49:49 EST] [INFO] Authorized access from whitelisted domain: http://localhost:5173
[02/25, 21:49:36 EST] [INFO] SSE client disconnected. Total subscribers: 0
[02/25, 21:49:34 EST] [INFO] Authorized access from whitelisted domain: http://localhost:5173
[02/25, 21:49:34 EST] [INFO] Authorized access from whitelisted domain: http://localhost:5173
[02/25, 21:49:24 EST] [INFO] ALLOW_NO_ORIGIN enabled — bypassing origin whitelist and auth for origin: none
[02/25, 21:49:22 EST] [INFO] Authorized access from whitelisted domain: http://localhost:5173
[02/25, 21:49:22 EST] [INFO] Authorized access from whitelisted domain: http://localhost:5173
[02/25, 21:49:16 EST] [INFO] SSE client disconnected. Total subscribers: 1
[02/25, 21:49:04 EST] [INFO] Authorized access from whitelisted domain: http://localhost:5173
[02/25, 21:49:04 EST] [INFO] Authorized access from whitelisted domain: http://localhost:5173
[02/25, 21:48:54 EST] [INFO] Authorized access from whitelisted domain: http://localhost:5173
[02/25, 21:48:54 EST] [INFO] Authorized access from whitelisted domain: http://localhost:5173
[02/25, 21:48:46 EST] [INFO] Authorized access from whitelisted domain: http://localhost:5173
[02/25, 21:48:46 EST] [INFO] Authorized access from whitelisted domain: http://localhost:5173
[02/25, 21:48:25 EST] [INFO] Authorized access from whitelisted domain: http://localhost:5173
[02/25, 21:48:14 EST] [INFO] Authorized access from whitelisted domain: http://localhost:5173
[02/25, 21:47:59 EST] [INFO] Authorized access from whitelisted domain: http://localhost:5173
[02/25, 21:47:48 EST] [INFO] Authorized access from whitelisted domain: http://localhost:5173
[02/25, 21:47:29 EST] [INFO] Authorized access from whitelisted domain: http://localhost:5173
[02/25, 21:47:25 EST] [INFO] Authorized access from whitelisted domain: http://localhost:5173
[02/25, 21:47:14 EST] [INFO] Authorized access from whitelisted domain: http://localhost:5173
[02/25, 21:47:04 EST] [INFO] SSE client disconnected. Total subscribers: 2
[02/25, 21:46:59 EST] [INFO] Authorized access from whitelisted domain: http://localhost:5173
[02/25, 21:46:44 EST] [INFO] Authorized access from whitelisted domain: http://localhost:5173
[02/25, 21:46:33 EST] [INFO] Authorized access from whitelisted domain: http://localhost:5173
[02/25, 21:46:29 EST] [INFO] Authorized access from whitelisted domain: http://localhost:5173
[02/25, 21:46:19 EST] [INFO] Authorized access from whitelisted domain: http://localhost:5173
[02/25, 21:46:18 EST] [INFO] Authorized access from whitelisted domain: http://localhost:5173
[02/25, 21:46:16 EST] [INFO] Authorized access from whitelisted domain: http://localhost:5173
[02/25, 21:46:16 EST] [INFO] SSE client subscribed. Total subscribers: 3
[02/25, 21:46:16 EST] [INFO] Authorized access from whitelisted domain: http://localhost:5173
[02/25, 21:46:03 EST] [INFO] Authorized access from whitelisted domain: http://localhost:5173
[02/25, 21:45:48 EST] [INFO] Authorized access from whitelisted domain: http://localhost:5173
[02/25, 21:45:33 EST] [INFO] Authorized access from whitelisted domain: http://localhost:5173
[02/25, 21:45:28 EST] [INFO] SSE client disconnected. Total subscribers: 2
[02/25, 21:45:18 EST] [INFO] Authorized access from whitelisted domain: http://localhost:5173
[02/25, 21:45:06 EST] [INFO] Authorized access from whitelisted domain: http://localhost:5173
[02/25, 21:45:06 EST] [INFO] SSE client subscribed. Total subscribers: 3
[02/25, 21:45:06 EST] [INFO] Authorized access from whitelisted domain: http://localhost:5173
[02/25, 21:45:03 EST] [INFO] Authorized access from whitelisted domain: http://localhost:5173
[02/25, 21:44:53 EST] [INFO] Authorized access from whitelisted domain: http://localhost:5173
[02/25, 21:44:41 EST] [INFO] Authorized access from whitelisted domain: http://localhost:5173
[02/25, 21:44:31 EST] [INFO] Authorized access from whitelisted domain: http://localhost:5173
[02/25, 21:44:28 EST] [INFO] Authorized access from whitelisted domain: http://localhost:5173
[02/25, 21:44:28 EST] [INFO] SSE client subscribed. Total subscribers: 2
[02/25, 21:44:28 EST] [INFO] Authorized access from whitelisted domain: http://localhost:5173
[02/25, 21:44:27 EST] [INFO] Authorized access from whitelisted domain: https://sparkradar.app
[02/25, 21:44:26 EST] [INFO] Authorized access from whitelisted domain: http://localhost:5173
[02/25, 21:43:24 EST] [INFO] Authorized access from whitelisted domain: http://localhost:5173
[02/25, 21:43:09 EST] [INFO] Authorized access from whitelisted domain: http://localhost:5173
[02/25, 21:42:54 EST] [INFO] Authorized access from whitelisted domain: http://localhost:5173
[02/25, 21:42:39 EST] [INFO] Authorized access from whitelisted domain: http://localhost:5173
[02/25, 21:42:26 EST] [INFO] Authorized access from whitelisted domain: http://localhost:5173
[02/25, 21:42:09 EST] [INFO] Authorized access from whitelisted domain: http://localhost:5173
[02/25, 21:41:59 EST] [INFO] Authorized access from whitelisted domain: http://localhost:5173
[02/25, 21:41:53 EST] [INFO] Authorized access from whitelisted domain: http://localhost:5173
[02/25, 21:41:45 EST] [INFO] Authorized access from whitelisted domain: http://localhost:5173
[02/25, 21:41:28 EST] [INFO] Authorized access from whitelisted domain: http://localhost:5173
[02/25, 21:41:18 EST] [INFO] Authorized access from whitelisted domain: http://localhost:5173
[02/25, 21:41:15 EST] [INFO] SSE client disconnected. Total subscribers: 1
[02/25, 21:41:10 EST] [INFO] Authorized access from whitelisted domain: http://localhost:5173
[02/25, 21:40:57 EST] [INFO] SSE client disconnected. Total subscribers: 2
[02/25, 21:40:56 EST] [INFO] Authorized access from whitelisted domain: http://localhost:5173
[02/25, 21:40:46 EST] [INFO] Authorized access from whitelisted domain: http://localhost:5173
[02/25, 21:40:44 EST] [INFO] SSE client disconnected. Total subscribers: 3
[02/25, 21:40:40 EST] [INFO] Authorized access from whitelisted domain: http://localhost:5173
[02/25, 21:40:26 EST] [INFO] Authorized access from whitelisted domain: http://localhost:5173
[02/25, 21:40:16 EST] [INFO] Authorized access from whitelisted domain: http://localhost:5173
[02/25, 21:40:15 EST] [INFO] Authorized access from whitelisted domain: http://localhost:5173
[02/25, 21:40:15 EST] [INFO] SSE client subscribed. Total subscribers: 4
[02/25, 21:40:15 EST] [INFO] Authorized access from whitelisted domain: http://localhost:5173
[02/25, 21:39:57 EST] [INFO] Authorized access from whitelisted domain: https://sparkradar.app
[02/25, 21:39:57 EST] [INFO] SSE client subscribed. Total subscribers: 3
[02/25, 21:39:57 EST] [INFO] Authorized access from whitelisted domain: https://sparkradar.app
[02/25, 21:39:56 EST] [INFO] Authorized access from whitelisted domain: http://localhost:5173
[02/25, 21:39:41 EST] [INFO] Authorized access from whitelisted domain: http://localhost:5173
[02/25, 21:39:26 EST] [INFO] Authorized access from whitelisted domain: http://localhost:5173
[02/25, 21:39:24 EST] [INFO] ALLOW_NO_ORIGIN enabled — bypassing origin whitelist and auth for origin: none
[02/25, 21:39:16 EST] [INFO] Authorized access from whitelisted domain: http://localhost:5173
[02/25, 21:39:14 EST] [INFO] Authorized access from whitelisted domain: http://localhost:5173
[02/25, 21:39:14 EST] [INFO] SSE client subscribed. Total subscribers: 2
[02/25, 21:39:14 EST] [INFO] Authorized access from whitelisted domain: http://localhost:5173
[02/25, 21:39:10 EST] [INFO] Authorized access from whitelisted domain: http://localhost:5173
[02/25, 21:38:59 EST] [INFO] SSE client disconnected. Total subscribers: 1
[02/25, 21:38:49 EST] [INFO] Authorized access from whitelisted domain: http://localhost:5173
[02/25, 21:38:37 EST] [INFO] Authorized access from whitelisted domain: http://localhost:5173
[02/25, 21:38:15 EST] [INFO] Authorized access from whitelisted domain: http://localhost:5173
[02/25, 21:38:05 EST] [INFO] Authorized access from whitelisted domain: http://localhost:5173
[02/25, 21:37:25 EST] [INFO] Authorized access from whitelisted domain: http://localhost:5173
[02/25, 21:36:42 EST] [INFO] Authorized access from whitelisted domain: http://localhost:5173
[02/25, 21:36:27 EST] [INFO] Authorized access from whitelisted domain: http://localhost:5173
[02/25, 21:36:12 EST] [INFO] Authorized access from whitelisted domain: http://localhost:5173
[02/25, 21:35:57 EST] [INFO] Authorized access from whitelisted domain: http://localhost:5173
[02/25, 21:35:53 EST] [INFO] Authorized access from whitelisted domain: https://sparkradar.app
[02/25, 21:35:47 EST] [INFO] Authorized access from whitelisted domain: http://localhost:5173
[02/25, 21:35:12 EST] [INFO] Authorized access from whitelisted domain: http://localhost:5173
[02/25, 21:34:57 EST] [INFO] Authorized access from whitelisted domain: http://localhost:5173
[02/25, 21:34:42 EST] [INFO] Authorized access from whitelisted domain: http://localhost:5173
[02/25, 21:34:27 EST] [INFO] Authorized access from whitelisted domain: http://localhost:5173
[02/25, 21:34:13 EST] [INFO] Authorized access from whitelisted domain: http://localhost:5173
[02/25, 21:33:57 EST] [INFO] Authorized access from whitelisted domain: http://localhost:5173
[02/25, 21:33:42 EST] [INFO] Authorized access from whitelisted domain: http://localhost:5173
[02/25, 21:33:28 EST] [INFO] Authorized access from whitelisted domain: http://localhost:5173
[02/25, 21:33:11 EST] [INFO] Authorized access from whitelisted domain: http://localhost:5173
[02/25, 21:32:56 EST] [INFO] Authorized access from whitelisted domain: http://localhost:5173
[02/25, 21:32:51 EST] [INFO] ALLOW_NO_ORIGIN enabled — bypassing origin whitelist and auth for origin: none
[02/25, 21:32:41 EST] [INFO] Authorized access from whitelisted domain: http://localhost:5173
[02/25, 21:32:31 EST] [INFO] Authorized access from whitelisted domain: http://localhost:5173
[02/25, 21:32:29 EST] [INFO] Authorized access from whitelisted domain: http://localhost:5173
[02/25, 21:32:29 EST] [INFO] SSE client subscribed. Total subscribers: 2
[02/25, 21:32:29 EST] [INFO] Authorized access from whitelisted domain: http://localhost:5173
[02/25, 21:29:24 EST] [INFO] ALLOW_NO_ORIGIN enabled — bypassing origin whitelist and auth for origin: none
[02/25, 21:27:49 EST] [INFO] Authorized access from whitelisted domain: https://sparkradar.app
[02/25, 21:25:02 EST] [INFO] Authorized access from whitelisted domain: https://sparkradar.app
[02/25, 21:24:54 EST] [INFO] SSE client disconnected. Total subscribers: 1
[02/25, 21:24:47 EST] [INFO] Authorized access from whitelisted domain: https://sparkradar.app
[02/25, 21:24:32 EST] [INFO] Authorized access from whitelisted domain: https://sparkradar.app
[02/25, 21:24:17 EST] [INFO] Authorized access from whitelisted domain: https://sparkradar.app
[02/25, 21:24:07 EST] [INFO] Authorized access from whitelisted domain: https://sparkradar.app
[02/25, 21:24:04 EST] [INFO] Authorized access from whitelisted domain: https://sparkradar.app
[02/25, 21:24:03 EST] [INFO] SSE client subscribed. Total subscribers: 2
[02/25, 21:24:03 EST] [INFO] Authorized access from whitelisted domain: https://sparkradar.app
[02/25, 21:23:59 EST] [INFO] Authorized access from whitelisted domain: https://sparkradar.app
[02/25, 21:23:54 EST] [INFO] Authorized access from whitelisted domain: https://sparkradar.app
[02/25, 21:23:54 EST] [INFO] SSE client subscribed. Total subscribers: 1
[02/25, 21:23:54 EST] [INFO] Authorized access from whitelisted domain: https://sparkradar.app
[02/25, 21:23:51 EST] [INFO] Authorized access from whitelisted domain: https://sparkradar.app
[02/25, 21:23:51 EST] [INFO] Authorized access from whitelisted domain: https://sparkradar.app
[02/25, 21:23:16 EST] [INFO] ALLOW_NO_ORIGIN enabled — bypassing origin whitelist and auth for origin: none
[02/25, 21:19:24 EST] [INFO] ALLOW_NO_ORIGIN enabled — bypassing origin whitelist and auth for origin: none
[02/25, 21:16:03 EST] [INFO] Authorized access from whitelisted domain: https://sparkradar.app
[02/25, 21:09:24 EST] [INFO] ALLOW_NO_ORIGIN enabled — bypassing origin whitelist and auth for origin: none
[02/25, 21:08:04 EST] [INFO] SSE client disconnected. Total subscribers: 0
[02/25, 21:04:38 EST] [INFO] SSE client disconnected. Total subscribers: 1
[02/25, 21:04:18 EST] [INFO] Authorized access from whitelisted domain: https://sparkradar.app
[02/25, 21:04:08 EST] [INFO] Authorized access from whitelisted domain: https://sparkradar.app
[02/25, 21:04:04 EST] [INFO] Authorized access from whitelisted domain: https://sparkradar.app
[02/25, 21:04:04 EST] [INFO] SSE client subscribed. Total subscribers: 2
[02/25, 21:04:04 EST] [INFO] Authorized access from whitelisted domain: https://sparkradar.app
[02/25, 21:03:33 EST] [INFO] SSE client disconnected. Total subscribers: 1
[02/25, 21:02:51 EST] [INFO] Authorized access from whitelisted domain: https://sparkradar.app
[02/25, 21:02:41 EST] [INFO] Authorized access from whitelisted domain: https://sparkradar.app
[02/25, 21:02:38 EST] [INFO] Authorized access from whitelisted domain: https://sparkradar.app
[02/25, 21:02:38 EST] [INFO] SSE client subscribed. Total subscribers: 2
[02/25, 21:02:38 EST] [INFO] Authorized access from whitelisted domain: https://sparkradar.app
[02/25, 21:02:36 EST] [INFO] SSE client disconnected. Total subscribers: 1
[02/25, 21:02:33 EST] [INFO] Authorized access from whitelisted domain: https://sparkradar.app
[02/25, 21:02:32 EST] [INFO] SSE client subscribed. Total subscribers: 2
[02/25, 21:02:32 EST] [INFO] Authorized access from whitelisted domain: https://sparkradar.app
[02/25, 21:02:31 EST] [INFO] Authorized access from whitelisted domain: https://sparkradar.app
[02/25, 21:01:39 EST] [INFO] Authorized access from whitelisted domain: https://sparkradar.app
[02/25, 21:01:36 EST] [INFO] Authorized access from whitelisted domain: https://sparkradar.app
[02/25, 21:01:36 EST] [INFO] SSE client subscribed. Total subscribers: 1
[02/25, 21:01:36 EST] [INFO] Authorized access from whitelisted domain: https://sparkradar.app
[02/25, 21:00:16 EST] [INFO] Expired alerts cleanup: removed 1 alert(s).
[02/25, 20:59:24 EST] [INFO] ALLOW_NO_ORIGIN enabled — bypassing origin whitelist and auth for origin: none
[02/25, 20:58:55 EST] [INFO] Alert cancelled and removed: Snow Squall Warning
[02/25, 20:57:00 EST] [INFO] No matching alert found to cancel.
[02/25, 20:54:40 EST] [INFO] No matching alert found to cancel.
[02/25, 20:52:37 EST] [INFO] No matching alert found to cancel.
[02/25, 20:49:24 EST] [INFO] ALLOW_NO_ORIGIN enabled — bypassing origin whitelist and auth for origin: none
[02/25, 20:43:27 EST] [INFO] SSE client disconnected. Total subscribers: 0
[02/25, 20:43:22 EST] [INFO] Authorized access from whitelisted domain: https://sparkradar.app
[02/25, 20:43:22 EST] [INFO] SSE client subscribed. Total subscribers: 1
[02/25, 20:43:22 EST] [INFO] Authorized access from whitelisted domain: https://sparkradar.app
[02/25, 20:39:24 EST] [INFO] ALLOW_NO_ORIGIN enabled — bypassing origin whitelist and auth for origin: none
[02/25, 20:33:07 EST] [INFO] SSE client disconnected. Total subscribers: 0
[02/25, 20:32:21 EST] [INFO] Authorized access from whitelisted domain: https://sparkradar.app
[02/25, 20:32:11 EST] [INFO] Authorized access from whitelisted domain: https://sparkradar.app
[02/25, 20:32:07 EST] [INFO] Authorized access from whitelisted domain: https://sparkradar.app
[02/25, 20:32:07 EST] [INFO] SSE client subscribed. Total subscribers: 1
[02/25, 20:32:07 EST] [INFO] Authorized access from whitelisted domain: https://sparkradar.app
[02/25, 20:29:24 EST] [INFO] ALLOW_NO_ORIGIN enabled — bypassing origin whitelist and auth for origin: none
[02/25, 20:24:30 EST] [INFO] ALLOW_NO_ORIGIN enabled — bypassing origin whitelist and auth for origin: none
[02/25, 20:24:30 EST] [INFO] SSE client disconnected. Total subscribers: 0
[02/25, 20:19:24 EST] [INFO] ALLOW_NO_ORIGIN enabled — bypassing origin whitelist and auth for origin: none
[02/25, 20:17:12 EST] [INFO] ALLOW_NO_ORIGIN enabled — bypassing origin whitelist and auth for origin: none
[02/25, 20:16:53 EST] [INFO] SSE client disconnected. Total subscribers: 1
[02/25, 20:16:44 EST] [INFO] SSE client disconnected. Total subscribers: 2
[02/25, 20:16:35 EST] [INFO] Authorized access from whitelisted domain: https://sparkradar.app
[02/25, 20:16:20 EST] [INFO] Authorized access from whitelisted domain: https://sparkradar.app
[02/25, 20:16:05 EST] [INFO] Authorized access from whitelisted domain: https://sparkradar.app
[02/25, 20:16:02 EST] [INFO] Authorized access from whitelisted domain: https://sparkradar.app
[02/25, 20:16:02 EST] [INFO] Authorized access from whitelisted domain: https://sparkradar.app
[02/25, 20:16:01 EST] [INFO] SSE client subscribed. Total subscribers: 3
[02/25, 20:16:01 EST] [INFO] Authorized access from whitelisted domain: https://sparkradar.app
[02/25, 20:15:35 EST] [INFO] Authorized access from whitelisted domain: https://sparkradar.app
[02/25, 20:15:25 EST] [INFO] Authorized access from whitelisted domain: https://sparkradar.app
[02/25, 20:15:23 EST] [INFO] Authorized access from whitelisted domain: https://sparkradar.app
[02/25, 20:15:23 EST] [INFO] SSE client subscribed. Total subscribers: 2
[02/25, 20:15:23 EST] [INFO] Authorized access from whitelisted domain: https://sparkradar.app
[02/25, 20:12:22 EST] [INFO] ALLOW_NO_ORIGIN enabled — bypassing origin whitelist and auth for origin: none
[02/25, 20:12:16 EST] [INFO] ALLOW_NO_ORIGIN enabled — bypassing origin whitelist and auth for origin: none
[02/25, 20:09:33 EST] [INFO] ALLOW_NO_ORIGIN enabled — bypassing origin whitelist and auth for origin: none
[02/25, 20:09:24 EST] [INFO] ALLOW_NO_ORIGIN enabled — bypassing origin whitelist and auth for origin: none
[02/25, 20:06:55 EST] [INFO] Alert cancelled and removed: Flood Warning
[02/25, 20:05:11 EST] [INFO] Authorized access from whitelisted domain: https://sparkradar.app
[02/25, 20:04:56 EST] [INFO] Authorized access from whitelisted domain: https://sparkradar.app
[02/25, 20:04:41 EST] [INFO] Authorized access from whitelisted domain: https://sparkradar.app
[02/25, 20:04:39 EST] [INFO] Authorized access from whitelisted domain: https://sparkradar.app
[02/25, 20:04:26 EST] [INFO] Authorized access from whitelisted domain: https://sparkradar.app
[02/25, 20:04:11 EST] [INFO] Authorized access from whitelisted domain: https://sparkradar.app
[02/25, 20:04:05 EST] [INFO] Authorized access from whitelisted domain: https://sparkradar.app
[02/25, 20:03:41 EST] [INFO] Authorized access from whitelisted domain: https://sparkradar.app
[02/25, 20:03:27 EST] [INFO] Authorized access from whitelisted domain: https://sparkradar.app
[02/25, 20:03:16 EST] [INFO] Authorized access from whitelisted domain: https://sparkradar.app
[02/25, 20:03:11 EST] [INFO] Authorized access from whitelisted domain: https://sparkradar.app
[02/25, 20:02:56 EST] [INFO] Authorized access from whitelisted domain: https://sparkradar.app
[02/25, 20:02:53 EST] [INFO] Authorized access from whitelisted domain: https://sparkradar.app
[02/25, 20:02:53 EST] [INFO] Authorized access from whitelisted domain: https://sparkradar.app
[02/25, 20:01:41 EST] [INFO] Authorized access from whitelisted domain: https://sparkradar.app
[02/25, 20:01:37 EST] [INFO] Authorized access from whitelisted domain: https://sparkradar.app
[02/25, 19:59:23 EST] [INFO] ALLOW_NO_ORIGIN enabled — bypassing origin whitelist and auth for origin: none
[02/25, 19:56:16 EST] [INFO] SSE client disconnected. Total subscribers: 1
[02/25, 19:55:28 EST] [INFO] Authorized access from whitelisted domain: https://sparkradar.app
[02/25, 19:55:13 EST] [INFO] Authorized access from whitelisted domain: https://sparkradar.app
[02/25, 19:54:58 EST] [INFO] Authorized access from whitelisted domain: https://sparkradar.app
[02/25, 19:54:43 EST] [INFO] Authorized access from whitelisted domain: https://sparkradar.app
[02/25, 19:54:29 EST] [INFO] Authorized access from whitelisted domain: https://sparkradar.app
[02/25, 19:54:13 EST] [INFO] Authorized access from whitelisted domain: https://sparkradar.app
[02/25, 19:53:59 EST] [INFO] Authorized access from whitelisted domain: https://sparkradar.app
[02/25, 19:53:43 EST] [INFO] Authorized access from whitelisted domain: https://sparkradar.app
[02/25, 19:53:28 EST] [INFO] Authorized access from whitelisted domain: https://sparkradar.app
[02/25, 19:53:14 EST] [INFO] Authorized access from whitelisted domain: https://sparkradar.app
[02/25, 19:52:58 EST] [INFO] Authorized access from whitelisted domain: https://sparkradar.app
[02/25, 19:52:48 EST] [INFO] Authorized access from whitelisted domain: https://sparkradar.app
[02/25, 19:52:46 EST] [INFO] Authorized access from whitelisted domain: https://sparkradar.app
[02/25, 19:52:46 EST] [INFO] SSE client subscribed. Total subscribers: 2
[02/25, 19:52:46 EST] [INFO] Authorized access from whitelisted domain: https://sparkradar.app
[02/25, 19:49:24 EST] [INFO] ALLOW_NO_ORIGIN enabled — bypassing origin whitelist and auth for origin: none
[02/25, 19:44:43 EST] [INFO] Authorized access from whitelisted domain: https://sparkradar.app
[02/25, 19:44:23 EST] [INFO] Authorized access from whitelisted domain: https://sparkradar.app
[02/25, 19:43:56 EST] [INFO] Authorized access from whitelisted domain: https://sparkradar.app
[02/25, 19:43:41 EST] [INFO] Authorized access from whitelisted domain: https://sparkradar.app
[02/25, 19:43:31 EST] [INFO] Authorized access from whitelisted domain: https://sparkradar.app
[02/25, 19:43:30 EST] [INFO] Authorized access from whitelisted domain: https://sparkradar.app
[02/25, 19:43:30 EST] [INFO] SSE client subscribed. Total subscribers: 1
[02/25, 19:43:30 EST] [INFO] Authorized access from whitelisted domain: https://sparkradar.app
[02/25, 19:40:33 EST] [INFO] No matching alert found to cancel.
[02/25, 19:39:23 EST] [INFO] ALLOW_NO_ORIGIN enabled — bypassing origin whitelist and auth for origin: none
[02/25, 19:38:58 EST] [INFO] SSE client disconnected. Total subscribers: 0
[02/25, 19:38:13 EST] [INFO] SSE client disconnected. Total subscribers: 1
[02/25, 19:38:09 EST] [INFO] Authorized access from whitelisted domain: https://sparkradar.app
[02/25, 19:37:58 EST] [INFO] Authorized access from whitelisted domain: https://sparkradar.app
[02/25, 19:37:58 EST] [INFO] SSE client subscribed. Total subscribers: 2
[02/25, 19:37:58 EST] [INFO] Authorized access from whitelisted domain: https://sparkradar.app
[02/25, 19:37:55 EST] [INFO] Authorized access from whitelisted domain: https://sparkradar.app
[02/25, 19:37:45 EST] [INFO] Authorized access from whitelisted domain: https://sparkradar.app
[02/25, 19:37:09 EST] [INFO] Authorized access from whitelisted domain: https://sparkradar.app
[02/25, 19:37:06 EST] [INFO] Authorized access from whitelisted domain: https://sparkradar.app
[02/25, 19:37:06 EST] [INFO] SSE client subscribed. Total subscribers: 1
[02/25, 19:37:06 EST] [INFO] Authorized access from whitelisted domain: https://sparkradar.app
[02/25, 19:29:23 EST] [INFO] ALLOW_NO_ORIGIN enabled — bypassing origin whitelist and auth for origin: none
[02/25, 19:29:19 EST] [INFO] SSE client disconnected. Total subscribers: 0
[02/25, 19:29:08 EST] [INFO] Authorized access from whitelisted domain: https://sparkradar.app
[02/25, 19:28:53 EST] [INFO] Authorized access from whitelisted domain: https://sparkradar.app
[02/25, 19:28:43 EST] [INFO] Authorized access from whitelisted domain: https://sparkradar.app
[02/25, 19:28:42 EST] [INFO] Authorized access from whitelisted domain: https://sparkradar.app
[02/25, 19:28:41 EST] [INFO] SSE client subscribed. Total subscribers: 1
[02/25, 19:28:41 EST] [INFO] Authorized access from whitelisted domain: https://sparkradar.app
[02/25, 19:28:37 EST] [INFO] SSE client disconnected. Total subscribers: 0
[02/25, 19:28:25 EST] [INFO] Authorized access from whitelisted domain: https://sparkradar.app
[02/25, 19:28:18 EST] [INFO] Authorized access from whitelisted domain: https://sparkradar.app
[02/25, 19:28:18 EST] [INFO] SSE client subscribed. Total subscribers: 1
[02/25, 19:28:18 EST] [INFO] Authorized access from whitelisted domain: https://sparkradar.app
[02/25, 19:28:16 EST] [INFO] Connected to XMPP server as tyler.granzow@nwws-oi.weather.gov/SparkAlerts NWWS Ingest Client
[02/25, 19:28:15 EST] [INFO] API is now running at http://localhost:8433
[02/25, 19:28:10 EST] [INFO] Authorized access from whitelisted domain: https://sparkradar.app
[02/25, 19:27:55 EST] [INFO] Authorized access from whitelisted domain: https://sparkradar.app
[02/25, 19:27:40 EST] [INFO] Authorized access from whitelisted domain: https://sparkradar.app
[02/25, 19:27:25 EST] [INFO] Authorized access from whitelisted domain: https://sparkradar.app
[02/25, 19:27:10 EST] [INFO] Authorized access from whitelisted domain: https://sparkradar.app
[02/25, 19:26:55 EST] [INFO] Authorized access from whitelisted domain: https://sparkradar.app
[02/25, 19:26:40 EST] [INFO] Authorized access from whitelisted domain: https://sparkradar.app
[02/25, 19:26:25 EST] [INFO] Authorized access from whitelisted domain: https://sparkradar.app
[02/25, 19:26:10 EST] [INFO] Authorized access from whitelisted domain: https://sparkradar.app
[02/25, 19:25:55 EST] [INFO] Authorized access from whitelisted domain: https://sparkradar.app
[02/25, 19:25:39 EST] [INFO] Authorized access from whitelisted domain: https://sparkradar.app
[02/25, 19:25:24 EST] [INFO] Authorized access from whitelisted domain: https://sparkradar.app
[02/25, 19:25:09 EST] [INFO] Authorized access from whitelisted domain: https://sparkradar.app
[02/25, 19:24:54 EST] [INFO] Authorized access from whitelisted domain: https://sparkradar.app
[02/25, 19:24:39 EST] [INFO] Authorized access from whitelisted domain: https://sparkradar.app
[02/25, 19:24:24 EST] [INFO] Authorized access from whitelisted domain: https://sparkradar.app
[02/25, 19:24:09 EST] [INFO] Authorized access from whitelisted domain: https://sparkradar.app
[02/25, 19:23:54 EST] [INFO] Authorized access from whitelisted domain: https://sparkradar.app
[02/25, 19:23:44 EST] [INFO] Authorized access from whitelisted domain: https://sparkradar.app
[02/25, 19:23:43 EST] [INFO] Authorized access from whitelisted domain: https://sparkradar.app
[02/25, 19:23:43 EST] [INFO] SSE client subscribed. Total subscribers: 1
[02/25, 19:23:43 EST] [INFO] Authorized access from whitelisted domain: https://sparkradar.app
[02/25, 19:19:23 EST] [INFO] ALLOW_NO_ORIGIN enabled — bypassing origin whitelist and auth for origin: none
[02/25, 19:18:55 EST] [INFO] SSE client disconnected. Total subscribers: 0
[02/25, 19:18:51 EST] [INFO] Authorized access from whitelisted domain: http://localhost:5173
[02/25, 19:18:39 EST] [INFO] Authorized access from whitelisted domain: http://localhost:5173
[02/25, 19:18:21 EST] [INFO] Authorized access from whitelisted domain: http://localhost:5173
[02/25, 19:18:06 EST] [INFO] Authorized access from whitelisted domain: http://localhost:5173
[02/25, 19:17:50 EST] [INFO] Authorized access from whitelisted domain: http://localhost:5173
[02/25, 19:17:35 EST] [INFO] Authorized access from whitelisted domain: http://localhost:5173
[02/25, 19:17:26 EST] [INFO] Authorized access from whitelisted domain: http://localhost:5173
[02/25, 19:17:26 EST] [INFO] SSE client subscribed. Total subscribers: 1
[02/25, 19:17:26 EST] [INFO] Authorized access from whitelisted domain: http://localhost:5173
[02/25, 19:17:25 EST] [INFO] Authorized access from whitelisted domain: http://localhost:5173
[02/25, 19:17:18 EST] [INFO] SSE client disconnected. Total subscribers: 0
[02/25, 19:17:17 EST] [INFO] Authorized access from whitelisted domain: http://localhost:5173
[02/25, 19:17:16 EST] [INFO] SSE client subscribed. Total subscribers: 1
[02/25, 19:17:16 EST] [INFO] Authorized access from whitelisted domain: http://localhost:5173
[02/25, 19:17:16 EST] [INFO] Authorized access from whitelisted domain: http://localhost:5173
[02/25, 19:17:03 EST] [INFO] SSE client disconnected. Total subscribers: 0
[02/25, 19:17:00 EST] [INFO] Authorized access from whitelisted domain: http://localhost:5173
[02/25, 19:16:45 EST] [INFO] Authorized access from whitelisted domain: http://localhost:5173
[02/25, 19:16:35 EST] [INFO] Authorized access from whitelisted domain: http://localhost:5173
[02/25, 19:16:35 EST] [INFO] SSE client subscribed. Total subscribers: 1
[02/25, 19:16:35 EST] [INFO] Authorized access from whitelisted domain: http://localhost:5173
[02/25, 19:16:28 EST] [INFO] SSE client disconnected. Total subscribers: 0
[02/25, 19:16:21 EST] [INFO] Authorized access from whitelisted domain: http://localhost:5173
[02/25, 19:16:06 EST] [INFO] Authorized access from whitelisted domain: http://localhost:5173
[02/25, 19:15:58 EST] [INFO] Authorized access from whitelisted domain: http://localhost:5173
[02/25, 19:15:57 EST] [INFO] SSE client subscribed. Total subscribers: 1
[02/25, 19:15:57 EST] [INFO] Authorized access from whitelisted domain: http://localhost:5173
[02/25, 19:15:56 EST] [INFO] Authorized access from whitelisted domain: http://localhost:5173
[02/25, 19:15:49 EST] [INFO] Authorized access from whitelisted domain: http://localhost:5173
[02/25, 19:15:49 EST] [INFO] SSE client disconnected. Total subscribers: 0
[02/25, 19:15:34 EST] [INFO] Authorized access from whitelisted domain: http://localhost:5173
[02/25, 19:15:19 EST] [INFO] Authorized access from whitelisted domain: http://localhost:5173
[02/25, 19:15:04 EST] [INFO] Authorized access from whitelisted domain: http://localhost:5173
[02/25, 19:14:55 EST] [INFO] Authorized access from whitelisted domain: http://localhost:5173
[02/25, 19:14:54 EST] [INFO] SSE client subscribed. Total subscribers: 1
[02/25, 19:14:54 EST] [INFO] Authorized access from whitelisted domain: http://localhost:5173
[02/25, 19:14:54 EST] [INFO] Authorized access from whitelisted domain: http://localhost:5173
[02/25, 19:14:47 EST] [INFO] SSE client disconnected. Total subscribers: 0
[02/25, 19:14:46 EST] [INFO] SSE client subscribed. Total subscribers: 1
[02/25, 19:14:46 EST] [INFO] Authorized access from whitelisted domain: http://localhost:5173
[02/25, 19:14:46 EST] [INFO] Authorized access from whitelisted domain: http://localhost:5173
[02/25, 19:14:39 EST] [INFO] SSE client disconnected. Total subscribers: 0
[02/25, 19:14:39 EST] [INFO] Authorized access from whitelisted domain: http://localhost:5173
[02/25, 19:14:24 EST] [INFO] Authorized access from whitelisted domain: http://localhost:5173
[02/25, 19:14:08 EST] [INFO] Authorized access from whitelisted domain: http://localhost:5173
[02/25, 19:13:54 EST] [INFO] Authorized access from whitelisted domain: http://localhost:5173
[02/25, 19:13:38 EST] [INFO] Authorized access from whitelisted domain: http://localhost:5173
[02/25, 19:13:23 EST] [INFO] Authorized access from whitelisted domain: http://localhost:5173
[02/25, 19:13:15 EST] [INFO] Authorized access from whitelisted domain: http://localhost:5173
[02/25, 19:13:15 EST] [INFO] SSE client subscribed. Total subscribers: 1
[02/25, 19:13:15 EST] [INFO] Authorized access from whitelisted domain: http://localhost:5173
[02/25, 19:13:13 EST] [INFO] Authorized access from whitelisted domain: http://localhost:5173
[02/25, 19:13:07 EST] [INFO] SSE client disconnected. Total subscribers: 0
[02/25, 19:13:02 EST] [INFO] Authorized access from whitelisted domain: http://localhost:5173
[02/25, 19:12:48 EST] [INFO] Authorized access from whitelisted domain: http://localhost:5173
[02/25, 19:12:33 EST] [INFO] Authorized access from whitelisted domain: http://localhost:5173
[02/25, 19:12:17 EST] [INFO] Authorized access from whitelisted domain: http://localhost:5173
[02/25, 19:12:02 EST] [INFO] Authorized access from whitelisted domain: http://localhost:5173
[02/25, 19:11:48 EST] [INFO] Authorized access from whitelisted domain: http://localhost:5173
[02/25, 19:11:47 EST] [INFO] Authorized access from whitelisted domain: http://localhost:5173
[02/25, 19:11:32 EST] [INFO] Authorized access from whitelisted domain: http://localhost:5173
[02/25, 19:11:17 EST] [INFO] Authorized access from whitelisted domain: http://localhost:5173
[02/25, 19:11:06 EST] [INFO] Authorized access from whitelisted domain: http://localhost:5173
[02/25, 19:10:50 EST] [INFO] Authorized access from whitelisted domain: http://localhost:5173
[02/25, 19:10:31 EST] [INFO] Authorized access from whitelisted domain: http://localhost:5173
[02/25, 19:10:17 EST] [INFO] Authorized access from whitelisted domain: http://localhost:5173
[02/25, 19:10:01 EST] [INFO] Authorized access from whitelisted domain: http://localhost:5173
[02/25, 19:09:46 EST] [INFO] Authorized access from whitelisted domain: http://localhost:5173
[02/25, 19:09:31 EST] [INFO] Authorized access from whitelisted domain: http://localhost:5173
[02/25, 19:09:23 EST] [INFO] ALLOW_NO_ORIGIN enabled — bypassing origin whitelist and auth for origin: none
[02/25, 19:09:16 EST] [INFO] Authorized access from whitelisted domain: http://localhost:5173
[02/25, 19:09:01 EST] [INFO] Authorized access from whitelisted domain: http://localhost:5173
[02/25, 19:08:46 EST] [INFO] Authorized access from whitelisted domain: http://localhost:5173
[02/25, 19:08:31 EST] [INFO] Authorized access from whitelisted domain: http://localhost:5173
[02/25, 19:08:16 EST] [INFO] Authorized access from whitelisted domain: http://localhost:5173
[02/25, 19:08:01 EST] [INFO] Authorized access from whitelisted domain: http://localhost:5173
[02/25, 19:07:46 EST] [INFO] Authorized access from whitelisted domain: http://localhost:5173
[02/25, 19:07:31 EST] [INFO] Authorized access from whitelisted domain: http://localhost:5173
[02/25, 19:07:21 EST] [INFO] Authorized access from whitelisted domain: http://localhost:5173
[02/25, 19:07:20 EST] [INFO] Authorized access from whitelisted domain: http://localhost:5173
[02/25, 19:07:20 EST] [INFO] SSE client subscribed. Total subscribers: 1
[02/25, 19:07:20 EST] [INFO] Authorized access from whitelisted domain: http://localhost:5173
[02/25, 19:07:14 EST] [INFO] SSE client disconnected. Total subscribers: 0
[02/25, 19:07:00 EST] [INFO] Authorized access from whitelisted domain: http://localhost:5173
[02/25, 19:06:50 EST] [INFO] Authorized access from whitelisted domain: http://localhost:5173
[02/25, 19:06:50 EST] [INFO] Authorized access from whitelisted domain: http://localhost:5173
[02/25, 19:06:49 EST] [INFO] SSE client subscribed. Total subscribers: 1
[02/25, 19:06:49 EST] [INFO] Authorized access from whitelisted domain: http://localhost:5173
[02/25, 19:06:39 EST] [INFO] SSE client disconnected. Total subscribers: 0
[02/25, 19:06:27 EST] [INFO] Authorized access from whitelisted domain: http://localhost:5173
[02/25, 19:06:12 EST] [INFO] Authorized access from whitelisted domain: http://localhost:5173
[02/25, 19:05:57 EST] [INFO] Authorized access from whitelisted domain: http://localhost:5173
[02/25, 19:05:42 EST] [INFO] Authorized access from whitelisted domain: http://localhost:5173
[02/25, 19:05:27 EST] [INFO] Authorized access from whitelisted domain: http://localhost:5173
[02/25, 19:05:16 EST] [INFO] Authorized access from whitelisted domain: http://localhost:5173
[02/25, 19:05:16 EST] [INFO] Authorized access from whitelisted domain: http://localhost:5173
[02/25, 19:05:15 EST] [INFO] SSE client subscribed. Total subscribers: 1
[02/25, 19:05:15 EST] [INFO] Authorized access from whitelisted domain: http://localhost:5173
[02/25, 19:05:06 EST] [INFO] SSE client disconnected. Total subscribers: 0
[02/25, 19:04:54 EST] [INFO] Authorized access from whitelisted domain: http://localhost:5173
[02/25, 19:04:42 EST] [INFO] Authorized access from whitelisted domain: http://localhost:5173
[02/25, 19:04:24 EST] [INFO] Authorized access from whitelisted domain: http://localhost:5173
[02/25, 19:04:09 EST] [INFO] Authorized access from whitelisted domain: http://localhost:5173
[02/25, 19:03:54 EST] [INFO] Authorized access from whitelisted domain: http://localhost:5173
[02/25, 19:03:39 EST] [INFO] Authorized access from whitelisted domain: http://localhost:5173
[02/25, 19:03:24 EST] [INFO] Authorized access from whitelisted domain: http://localhost:5173
[02/25, 19:03:15 EST] [INFO] Authorized access from whitelisted domain: http://localhost:5173
[02/25, 19:03:14 EST] [INFO] Authorized access from whitelisted domain: http://localhost:5173
[02/25, 19:03:14 EST] [INFO] SSE client subscribed. Total subscribers: 1
[02/25, 19:03:14 EST] [INFO] Authorized access from whitelisted domain: http://localhost:5173
[02/25, 19:03:13 EST] [INFO] ALLOW_NO_ORIGIN enabled — bypassing origin whitelist and auth for origin: none
[02/25, 19:03:01 EST] [INFO] SSE client disconnected. Total subscribers: 0
[02/25, 19:02:59 EST] [INFO] Authorized access from whitelisted domain: http://localhost:5173
[02/25, 19:02:44 EST] [INFO] Authorized access from whitelisted domain: http://localhost:5173
[02/25, 19:02:30 EST] [INFO] Authorized access from whitelisted domain: http://localhost:5173
[02/25, 19:02:14 EST] [INFO] Authorized access from whitelisted domain: http://localhost:5173
[02/25, 19:01:59 EST] [INFO] Authorized access from whitelisted domain: http://localhost:5173
[02/25, 19:01:49 EST] [INFO] Authorized access from whitelisted domain: http://localhost:5173
[02/25, 19:01:49 EST] [INFO] SSE client subscribed. Total subscribers: 1
[02/25, 19:01:49 EST] [INFO] Authorized access from whitelisted domain: http://localhost:5173
[02/25, 19:01:39 EST] [INFO] SSE client disconnected. Total subscribers: 0
[02/25, 19:01:37 EST] [INFO] Authorized access from whitelisted domain: http://localhost:5173
[02/25, 19:01:37 EST] [INFO] Authorized access from whitelisted domain: http://localhost:5173
[02/25, 19:01:36 EST] [INFO] SSE client subscribed. Total subscribers: 1
[02/25, 19:01:36 EST] [INFO] Authorized access from whitelisted domain: http://localhost:5173
[02/25, 19:01:30 EST] [INFO] SSE client disconnected. Total subscribers: 0
[02/25, 19:01:25 EST] [INFO] Authorized access from whitelisted domain: http://localhost:5173
[02/25, 19:01:25 EST] [INFO] Authorized access from whitelisted domain: http://localhost:5173
[02/25, 19:01:24 EST] [INFO] SSE client subscribed. Total subscribers: 1
[02/25, 19:01:24 EST] [INFO] Authorized access from whitelisted domain: http://localhost:5173
[02/25, 19:01:18 EST] [INFO] SSE client disconnected. Total subscribers: 0
[02/25, 19:01:09 EST] [INFO] Authorized access from whitelisted domain: http://localhost:5173
[02/25, 19:01:09 EST] [INFO] SSE client subscribed. Total subscribers: 1
[02/25, 19:01:09 EST] [INFO] Authorized access from whitelisted domain: http://localhost:5173
[02/25, 19:01:09 EST] [INFO] Authorized access from whitelisted domain: http://localhost:5173
[02/25, 19:01:01 EST] [INFO] SSE client disconnected. Total subscribers: 0
[02/25, 19:00:59 EST] [INFO] Authorized access from whitelisted domain: http://localhost:5173
[02/25, 19:00:44 EST] [INFO] Authorized access from whitelisted domain: http://localhost:5173
[02/25, 19:00:41 EST] [INFO] No matching alert found to cancel.
[02/25, 19:00:29 EST] [INFO] Authorized access from whitelisted domain: http://localhost:5173
[02/25, 19:00:28 EST] [INFO] Expired alerts cleanup: removed 1 alert(s).
[02/25, 19:00:14 EST] [INFO] Authorized access from whitelisted domain: http://localhost:5173
[02/25, 19:00:04 EST] [INFO] Authorized access from whitelisted domain: http://localhost:5173
[02/25, 19:00:03 EST] [INFO] Authorized access from whitelisted domain: http://localhost:5173
[02/25, 19:00:03 EST] [INFO] SSE client subscribed. Total subscribers: 1
[02/25, 19:00:03 EST] [INFO] Authorized access from whitelisted domain: http://localhost:5173
[02/25, 18:59:47 EST] [INFO] Authorized access from whitelisted domain: http://localhost:5173
[02/25, 18:59:41 EST] [INFO] SSE client disconnected. Total subscribers: 0
[02/25, 18:59:28 EST] [INFO] Authorized access from whitelisted domain: http://localhost:5173
[02/25, 18:59:23 EST] [INFO] ALLOW_NO_ORIGIN enabled — bypassing origin whitelist and auth for origin: none
[02/25, 18:59:13 EST] [INFO] Authorized access from whitelisted domain: http://localhost:5173
[02/25, 18:58:58 EST] [INFO] Authorized access from whitelisted domain: http://localhost:5173
[02/25, 18:58:43 EST] [INFO] Authorized access from whitelisted domain: http://localhost:5173
[02/25, 18:58:28 EST] [INFO] Authorized access from whitelisted domain: http://localhost:5173
[02/25, 18:58:13 EST] [INFO] Authorized access from whitelisted domain: http://localhost:5173
[02/25, 18:58:00 EST] [INFO] Authorized access from whitelisted domain: http://localhost:5173
[02/25, 18:57:43 EST] [INFO] Authorized access from whitelisted domain: http://localhost:5173
[02/25, 18:57:28 EST] [INFO] Authorized access from whitelisted domain: http://localhost:5173
[02/25, 18:57:13 EST] [INFO] Authorized access from whitelisted domain: http://localhost:5173
[02/25, 18:56:58 EST] [INFO] Authorized access from whitelisted domain: http://localhost:5173
[02/25, 18:56:43 EST] [INFO] Authorized access from whitelisted domain: http://localhost:5173
[02/25, 18:56:28 EST] [INFO] Authorized access from whitelisted domain: http://localhost:5173
[02/25, 18:56:13 EST] [INFO] Authorized access from whitelisted domain: http://localhost:5173
[02/25, 18:55:58 EST] [INFO] Authorized access from whitelisted domain: http://localhost:5173
[02/25, 18:55:43 EST] [INFO] Authorized access from whitelisted domain: http://localhost:5173
[02/25, 18:55:28 EST] [INFO] Authorized access from whitelisted domain: http://localhost:5173
[02/25, 18:55:13 EST] [INFO] Authorized access from whitelisted domain: http://localhost:5173
[02/25, 18:55:11 EST] [INFO] No matching alert found to cancel.
[02/25, 18:54:58 EST] [INFO] Authorized access from whitelisted domain: http://localhost:5173
[02/25, 18:54:43 EST] [INFO] Authorized access from whitelisted domain: http://localhost:5173
[02/25, 18:54:28 EST] [INFO] Authorized access from whitelisted domain: http://localhost:5173
[02/25, 18:54:13 EST] [INFO] Authorized access from whitelisted domain: http://localhost:5173
[02/25, 18:53:58 EST] [INFO] Authorized access from whitelisted domain: http://localhost:5173
[02/25, 18:53:43 EST] [INFO] Authorized access from whitelisted domain: http://localhost:5173
[02/25, 18:53:28 EST] [INFO] Authorized access from whitelisted domain: http://localhost:5173
[02/25, 18:53:13 EST] [INFO] Authorized access from whitelisted domain: http://localhost:5173
[02/25, 18:52:57 EST] [INFO] Authorized access from whitelisted domain: http://localhost:5173
[02/25, 18:52:43 EST] [INFO] Authorized access from whitelisted domain: http://localhost:5173
[02/25, 18:52:27 EST] [INFO] Authorized access from whitelisted domain: http://localhost:5173
[02/25, 18:52:12 EST] [INFO] Authorized access from whitelisted domain: http://localhost:5173
[02/25, 18:51:58 EST] [INFO] Authorized access from whitelisted domain: http://localhost:5173
[02/25, 18:51:42 EST] [INFO] Authorized access from whitelisted domain: http://localhost:5173
[02/25, 18:51:31 EST] [INFO] Authorized access from whitelisted domain: http://localhost:5173
[02/25, 18:51:27 EST] [INFO] Authorized access from whitelisted domain: http://localhost:5173
[02/25, 18:51:24 EST] [INFO] Authorized access from whitelisted domain: http://localhost:5173
[02/25, 18:51:13 EST] [INFO] Authorized access from whitelisted domain: http://localhost:5173
[02/25, 18:50:57 EST] [INFO] Authorized access from whitelisted domain: http://localhost:5173
[02/25, 18:50:49 EST] [INFO] Authorized access from whitelisted domain: http://localhost:5173
[02/25, 18:50:42 EST] [INFO] Authorized access from whitelisted domain: http://localhost:5173
[02/25, 18:50:42 EST] [INFO] Authorized access from whitelisted domain: http://localhost:5173
[02/25, 18:50:29 EST] [INFO] Authorized access from whitelisted domain: http://localhost:5173
[02/25, 18:50:12 EST] [INFO] Authorized access from whitelisted domain: http://localhost:5173
[02/25, 18:49:57 EST] [INFO] Authorized access from whitelisted domain: http://localhost:5173
[02/25, 18:49:42 EST] [INFO] Authorized access from whitelisted domain: http://localhost:5173
[02/25, 18:49:27 EST] [INFO] Authorized access from whitelisted domain: http://localhost:5173
[02/25, 18:49:23 EST] [INFO] ALLOW_NO_ORIGIN enabled — bypassing origin whitelist and auth for origin: none
[02/25, 18:49:12 EST] [INFO] Authorized access from whitelisted domain: http://localhost:5173
[02/25, 18:48:57 EST] [INFO] Authorized access from whitelisted domain: http://localhost:5173
[02/25, 18:48:42 EST] [INFO] Authorized access from whitelisted domain: http://localhost:5173
[02/25, 18:48:27 EST] [INFO] Authorized access from whitelisted domain: http://localhost:5173
[02/25, 18:48:13 EST] [INFO] Authorized access from whitelisted domain: http://localhost:5173
[02/25, 18:47:57 EST] [INFO] Authorized access from whitelisted domain: http://localhost:5173
[02/25, 18:47:42 EST] [INFO] Authorized access from whitelisted domain: http://localhost:5173
[02/25, 18:47:28 EST] [INFO] Authorized access from whitelisted domain: http://localhost:5173
[02/25, 18:47:12 EST] [INFO] Authorized access from whitelisted domain: http://localhost:5173
[02/25, 18:46:57 EST] [INFO] Authorized access from whitelisted domain: http://localhost:5173
[02/25, 18:46:43 EST] [INFO] Authorized access from whitelisted domain: http://localhost:5173
[02/25, 18:46:27 EST] [INFO] Authorized access from whitelisted domain: http://localhost:5173
[02/25, 18:46:12 EST] [INFO] Authorized access from whitelisted domain: http://localhost:5173
[02/25, 18:45:57 EST] [INFO] Authorized access from whitelisted domain: http://localhost:5173
[02/25, 18:45:42 EST] [INFO] Authorized access from whitelisted domain: http://localhost:5173
[02/25, 18:45:27 EST] [INFO] Authorized access from whitelisted domain: http://localhost:5173
[02/25, 18:45:12 EST] [INFO] Authorized access from whitelisted domain: http://localhost:5173
[02/25, 18:44:57 EST] [INFO] Authorized access from whitelisted domain: http://localhost:5173
[02/25, 18:44:53 EST] [INFO] Authorized access from whitelisted domain: http://localhost:5173
[02/25, 18:44:42 EST] [INFO] Authorized access from whitelisted domain: http://localhost:5173
[02/25, 18:44:28 EST] [INFO] Authorized access from whitelisted domain: http://localhost:5173
[02/25, 18:44:12 EST] [INFO] Authorized access from whitelisted domain: http://localhost:5173
[02/25, 18:43:57 EST] [INFO] Authorized access from whitelisted domain: http://localhost:5173
[02/25, 18:43:44 EST] [INFO] Authorized access from whitelisted domain: http://localhost:5173
[02/25, 18:43:27 EST] [INFO] Authorized access from whitelisted domain: http://localhost:5173
[02/25, 18:43:12 EST] [INFO] Authorized access from whitelisted domain: http://localhost:5173
[02/25, 18:42:57 EST] [INFO] Authorized access from whitelisted domain: http://localhost:5173
[02/25, 18:42:42 EST] [INFO] Authorized access from whitelisted domain: http://localhost:5173
[02/25, 18:42:27 EST] [INFO] Authorized access from whitelisted domain: http://localhost:5173
[02/25, 18:42:12 EST] [INFO] Authorized access from whitelisted domain: http://localhost:5173
[02/25, 18:41:57 EST] [INFO] Authorized access from whitelisted domain: http://localhost:5173
[02/25, 18:41:42 EST] [INFO] Authorized access from whitelisted domain: http://localhost:5173
[02/25, 18:41:27 EST] [INFO] Authorized access from whitelisted domain: http://localhost:5173
[02/25, 18:41:12 EST] [INFO] Authorized access from whitelisted domain: http://localhost:5173
[02/25, 18:40:57 EST] [INFO] Authorized access from whitelisted domain: http://localhost:5173
[02/25, 18:40:43 EST] [INFO] Authorized access from whitelisted domain: http://localhost:5173
[02/25, 18:40:27 EST] [INFO] Authorized access from whitelisted domain: http://localhost:5173
[02/25, 18:40:12 EST] [INFO] Authorized access from whitelisted domain: http://localhost:5173
[02/25, 18:39:57 EST] [INFO] Authorized access from whitelisted domain: http://localhost:5173
[02/25, 18:39:42 EST] [INFO] Authorized access from whitelisted domain: http://localhost:5173
[02/25, 18:39:27 EST] [INFO] Authorized access from whitelisted domain: http://localhost:5173
[02/25, 18:39:23 EST] [INFO] ALLOW_NO_ORIGIN enabled — bypassing origin whitelist and auth for origin: none
[02/25, 18:39:12 EST] [INFO] Authorized access from whitelisted domain: http://localhost:5173
[02/25, 18:38:57 EST] [INFO] Authorized access from whitelisted domain: http://localhost:5173
[02/25, 18:38:57 EST] [INFO] Authorized access from whitelisted domain: http://localhost:5173
[02/25, 18:38:42 EST] [INFO] Authorized access from whitelisted domain: http://localhost:5173
[02/25, 18:38:27 EST] [INFO] Authorized access from whitelisted domain: http://localhost:5173
[02/25, 18:38:12 EST] [INFO] Authorized access from whitelisted domain: http://localhost:5173
[02/25, 18:37:57 EST] [INFO] Authorized access from whitelisted domain: http://localhost:5173
[02/25, 18:37:42 EST] [INFO] Authorized access from whitelisted domain: http://localhost:5173
[02/25, 18:37:27 EST] [INFO] Authorized access from whitelisted domain: http://localhost:5173
[02/25, 18:37:12 EST] [INFO] Authorized access from whitelisted domain: http://localhost:5173
[02/25, 18:36:58 EST] [INFO] Authorized access from whitelisted domain: http://localhost:5173
[02/25, 18:36:41 EST] [INFO] Authorized access from whitelisted domain: http://localhost:5173
[02/25, 18:36:26 EST] [INFO] Authorized access from whitelisted domain: http://localhost:5173
[02/25, 18:36:12 EST] [INFO] Authorized access from whitelisted domain: http://localhost:5173
[02/25, 18:35:56 EST] [INFO] Authorized access from whitelisted domain: http://localhost:5173
[02/25, 18:35:41 EST] [INFO] Authorized access from whitelisted domain: http://localhost:5173
[02/25, 18:35:27 EST] [INFO] Authorized access from whitelisted domain: http://localhost:5173
[02/25, 18:35:11 EST] [INFO] Authorized access from whitelisted domain: http://localhost:5173
[02/25, 18:35:03 EST] [INFO] SSE client disconnected. Total subscribers: 1
[02/25, 18:34:56 EST] [INFO] Authorized access from whitelisted domain: http://localhost:5173
[02/25, 18:34:42 EST] [INFO] Authorized access from whitelisted domain: http://localhost:5173
[02/25, 18:34:26 EST] [INFO] Authorized access from whitelisted domain: http://localhost:5173
[02/25, 18:34:11 EST] [INFO] Authorized access from whitelisted domain: http://localhost:5173
[02/25, 18:34:06 EST] [INFO] Authorized access from whitelisted domain: https://sparkradar.app
[02/25, 18:33:57 EST] [INFO] Authorized access from whitelisted domain: http://localhost:5173
[02/25, 18:33:41 EST] [INFO] Authorized access from whitelisted domain: http://localhost:5173
[02/25, 18:33:26 EST] [INFO] Authorized access from whitelisted domain: http://localhost:5173
[02/25, 18:33:12 EST] [INFO] Authorized access from whitelisted domain: http://localhost:5173
[02/25, 18:33:05 EST] [INFO] Authorized access from whitelisted domain: https://sparkradar.app
[02/25, 18:32:56 EST] [INFO] Authorized access from whitelisted domain: http://localhost:5173
[02/25, 18:32:42 EST] [INFO] Authorized access from whitelisted domain: http://localhost:5173
[02/25, 18:32:27 EST] [INFO] Authorized access from whitelisted domain: http://localhost:5173
[02/25, 18:32:11 EST] [INFO] Authorized access from whitelisted domain: http://localhost:5173
[02/25, 18:32:07 EST] [INFO] Authorized access from whitelisted domain: https://sparkradar.app
[02/25, 18:31:56 EST] [INFO] Authorized access from whitelisted domain: http://localhost:5173
[02/25, 18:31:42 EST] [INFO] Authorized access from whitelisted domain: http://localhost:5173
[02/25, 18:31:26 EST] [INFO] Authorized access from whitelisted domain: http://localhost:5173
[02/25, 18:31:11 EST] [INFO] Authorized access from whitelisted domain: http://localhost:5173
[02/25, 18:31:06 EST] [INFO] Authorized access from whitelisted domain: https://sparkradar.app
[02/25, 18:30:57 EST] [INFO] Authorized access from whitelisted domain: http://localhost:5173
[02/25, 18:30:41 EST] [INFO] Authorized access from whitelisted domain: http://localhost:5173
[02/25, 18:30:26 EST] [INFO] Authorized access from whitelisted domain: http://localhost:5173
[02/25, 18:30:14 EST] [INFO] Authorized access from whitelisted domain: http://localhost:5173
[02/25, 18:30:05 EST] [INFO] Authorized access from whitelisted domain: https://sparkradar.app
[02/25, 18:29:56 EST] [INFO] Authorized access from whitelisted domain: http://localhost:5173
[02/25, 18:29:41 EST] [INFO] Authorized access from whitelisted domain: http://localhost:5173
[02/25, 18:29:27 EST] [INFO] Authorized access from whitelisted domain: http://localhost:5173
[02/25, 18:29:23 EST] [INFO] ALLOW_NO_ORIGIN enabled — bypassing origin whitelist and auth for origin: none
[02/25, 18:29:11 EST] [INFO] Authorized access from whitelisted domain: http://localhost:5173
[02/25, 18:29:06 EST] [INFO] Authorized access from whitelisted domain: https://sparkradar.app
[02/25, 18:29:05 EST] [INFO] No matching alert found to cancel.
[02/25, 18:28:56 EST] [INFO] Authorized access from whitelisted domain: http://localhost:5173
[02/25, 18:28:42 EST] [INFO] Authorized access from whitelisted domain: http://localhost:5173
[02/25, 18:28:26 EST] [INFO] Authorized access from whitelisted domain: http://localhost:5173
[02/25, 18:28:11 EST] [INFO] Authorized access from whitelisted domain: http://localhost:5173
[02/25, 18:28:05 EST] [INFO] Authorized access from whitelisted domain: https://sparkradar.app
[02/25, 18:27:56 EST] [INFO] Authorized access from whitelisted domain: http://localhost:5173
[02/25, 18:27:41 EST] [INFO] Authorized access from whitelisted domain: http://localhost:5173
[02/25, 18:27:26 EST] [INFO] Authorized access from whitelisted domain: http://localhost:5173
[02/25, 18:27:11 EST] [INFO] Authorized access from whitelisted domain: http://localhost:5173
[02/25, 18:27:08 EST] [INFO] Authorized access from whitelisted domain: https://sparkradar.app
[02/25, 18:26:56 EST] [INFO] Authorized access from whitelisted domain: http://localhost:5173
[02/25, 18:26:41 EST] [INFO] Authorized access from whitelisted domain: http://localhost:5173
[02/25, 18:26:26 EST] [INFO] Authorized access from whitelisted domain: http://localhost:5173
[02/25, 18:26:11 EST] [INFO] Authorized access from whitelisted domain: http://localhost:5173
[02/25, 18:26:05 EST] [INFO] Authorized access from whitelisted domain: https://sparkradar.app
[02/25, 18:25:56 EST] [INFO] Authorized access from whitelisted domain: http://localhost:5173
[02/25, 18:25:42 EST] [INFO] Authorized access from whitelisted domain: http://localhost:5173
[02/25, 18:25:26 EST] [INFO] Authorized access from whitelisted domain: http://localhost:5173
[02/25, 18:25:11 EST] [INFO] Authorized access from whitelisted domain: http://localhost:5173
[02/25, 18:25:06 EST] [INFO] Authorized access from whitelisted domain: https://sparkradar.app
[02/25, 18:24:57 EST] [INFO] Authorized access from whitelisted domain: http://localhost:5173
[02/25, 18:24:41 EST] [INFO] Authorized access from whitelisted domain: http://localhost:5173
[02/25, 18:24:26 EST] [INFO] Authorized access from whitelisted domain: http://localhost:5173
[02/25, 18:24:11 EST] [INFO] Authorized access from whitelisted domain: http://localhost:5173
[02/25, 18:24:00 EST] [INFO] Authorized access from whitelisted domain: https://sparkradar.app
[02/25, 18:23:56 EST] [INFO] Authorized access from whitelisted domain: http://localhost:5173
[02/25, 18:23:45 EST] [INFO] Authorized access from whitelisted domain: https://sparkradar.app
[02/25, 18:23:41 EST] [INFO] Authorized access from whitelisted domain: http://localhost:5173
[02/25, 18:23:30 EST] [INFO] Authorized access from whitelisted domain: https://sparkradar.app
[02/25, 18:23:28 EST] [INFO] Authorized access from whitelisted domain: http://localhost:5173
[02/25, 18:23:15 EST] [INFO] Authorized access from whitelisted domain: https://sparkradar.app
[02/25, 18:23:11 EST] [INFO] Authorized access from whitelisted domain: http://localhost:5173
[02/25, 18:23:00 EST] [INFO] Authorized access from whitelisted domain: https://sparkradar.app
[02/25, 18:22:56 EST] [INFO] Authorized access from whitelisted domain: http://localhost:5173
[02/25, 18:22:45 EST] [INFO] Authorized access from whitelisted domain: https://sparkradar.app
[02/25, 18:22:41 EST] [INFO] Authorized access from whitelisted domain: http://localhost:5173
[02/25, 18:22:30 EST] [INFO] Authorized access from whitelisted domain: https://sparkradar.app
[02/25, 18:22:26 EST] [INFO] Authorized access from whitelisted domain: http://localhost:5173
[02/25, 18:22:15 EST] [INFO] Authorized access from whitelisted domain: https://sparkradar.app
[02/25, 18:22:11 EST] [INFO] Authorized access from whitelisted domain: http://localhost:5173
[02/25, 18:22:00 EST] [INFO] Authorized access from whitelisted domain: https://sparkradar.app
[02/25, 18:21:56 EST] [INFO] Authorized access from whitelisted domain: http://localhost:5173
[02/25, 18:21:45 EST] [INFO] Authorized access from whitelisted domain: https://sparkradar.app
[02/25, 18:21:41 EST] [INFO] Authorized access from whitelisted domain: http://localhost:5173
[02/25, 18:21:30 EST] [INFO] Authorized access from whitelisted domain: https://sparkradar.app
[02/25, 18:21:26 EST] [INFO] Authorized access from whitelisted domain: http://localhost:5173
[02/25, 18:21:15 EST] [INFO] Authorized access from whitelisted domain: https://sparkradar.app
[02/25, 18:21:12 EST] [INFO] Authorized access from whitelisted domain: http://localhost:5173
[02/25, 18:21:00 EST] [INFO] Authorized access from whitelisted domain: https://sparkradar.app
[02/25, 18:20:56 EST] [INFO] Authorized access from whitelisted domain: http://localhost:5173
[02/25, 18:20:45 EST] [INFO] Authorized access from whitelisted domain: https://sparkradar.app
[02/25, 18:20:41 EST] [INFO] Authorized access from whitelisted domain: http://localhost:5173
[02/25, 18:20:30 EST] [INFO] Authorized access from whitelisted domain: https://sparkradar.app
[02/25, 18:20:26 EST] [INFO] Authorized access from whitelisted domain: http://localhost:5173
[02/25, 18:20:15 EST] [INFO] Authorized access from whitelisted domain: https://sparkradar.app
[02/25, 18:20:11 EST] [INFO] Authorized access from whitelisted domain: http://localhost:5173
[02/25, 18:20:00 EST] [INFO] Authorized access from whitelisted domain: https://sparkradar.app
[02/25, 18:19:56 EST] [INFO] Authorized access from whitelisted domain: http://localhost:5173
[02/25, 18:19:45 EST] [INFO] Authorized access from whitelisted domain: https://sparkradar.app
[02/25, 18:19:41 EST] [INFO] Authorized access from whitelisted domain: http://localhost:5173
[02/25, 18:19:31 EST] [INFO] Authorized access from whitelisted domain: https://sparkradar.app
[02/25, 18:19:26 EST] [INFO] Authorized access from whitelisted domain: http://localhost:5173
[02/25, 18:19:23 EST] [INFO] ALLOW_NO_ORIGIN enabled — bypassing origin whitelist and auth for origin: none
[02/25, 18:19:15 EST] [INFO] Authorized access from whitelisted domain: https://sparkradar.app
[02/25, 18:19:11 EST] [INFO] Authorized access from whitelisted domain: http://localhost:5173
[02/25, 18:19:00 EST] [INFO] Authorized access from whitelisted domain: https://sparkradar.app
[02/25, 18:18:56 EST] [INFO] Authorized access from whitelisted domain: http://localhost:5173
[02/25, 18:18:50 EST] [INFO] Authorized access from whitelisted domain: https://sparkradar.app
[02/25, 18:18:49 EST] [INFO] Authorized access from whitelisted domain: http://localhost:5173
[02/25, 18:18:45 EST] [INFO] Authorized access from whitelisted domain: https://sparkradar.app
[02/25, 18:18:41 EST] [INFO] Authorized access from whitelisted domain: http://localhost:5173
[02/25, 18:18:30 EST] [INFO] Authorized access from whitelisted domain: https://sparkradar.app
[02/25, 18:18:26 EST] [INFO] Authorized access from whitelisted domain: http://localhost:5173
[02/25, 18:18:15 EST] [INFO] Authorized access from whitelisted domain: https://sparkradar.app
[02/25, 18:18:12 EST] [INFO] Authorized access from whitelisted domain: http://localhost:5173
[02/25, 18:18:02 EST] [INFO] Authorized access from whitelisted domain: https://sparkradar.app
[02/25, 18:17:56 EST] [INFO] Authorized access from whitelisted domain: http://localhost:5173
[02/25, 18:17:45 EST] [INFO] Authorized access from whitelisted domain: https://sparkradar.app
[02/25, 18:17:41 EST] [INFO] Authorized access from whitelisted domain: http://localhost:5173
[02/25, 18:17:30 EST] [INFO] Authorized access from whitelisted domain: https://sparkradar.app
[02/25, 18:17:27 EST] [INFO] Authorized access from whitelisted domain: http://localhost:5173
[02/25, 18:17:15 EST] [INFO] Authorized access from whitelisted domain: https://sparkradar.app
[02/25, 18:17:11 EST] [INFO] Authorized access from whitelisted domain: http://localhost:5173
[02/25, 18:17:11 EST] [INFO] Authorized access from whitelisted domain: https://sparkradar.app
[02/25, 18:17:11 EST] [INFO] Authorized access from whitelisted domain: http://localhost:5173
[02/25, 18:17:00 EST] [INFO] Authorized access from whitelisted domain: https://sparkradar.app
[02/25, 18:16:56 EST] [INFO] Authorized access from whitelisted domain: http://localhost:5173
[02/25, 18:16:45 EST] [INFO] Authorized access from whitelisted domain: https://sparkradar.app
[02/25, 18:16:43 EST] [INFO] Authorized access from whitelisted domain: http://localhost:5173
[02/25, 18:16:30 EST] [INFO] Authorized access from whitelisted domain: https://sparkradar.app
[02/25, 18:16:26 EST] [INFO] Authorized access from whitelisted domain: http://localhost:5173
[02/25, 18:16:15 EST] [INFO] Authorized access from whitelisted domain: https://sparkradar.app
[02/25, 18:16:11 EST] [INFO] Authorized access from whitelisted domain: http://localhost:5173
[02/25, 18:16:00 EST] [INFO] Authorized access from whitelisted domain: https://sparkradar.app
[02/25, 18:15:56 EST] [INFO] Authorized access from whitelisted domain: http://localhost:5173
[02/25, 18:15:45 EST] [INFO] Authorized access from whitelisted domain: https://sparkradar.app
[02/25, 18:15:41 EST] [INFO] Authorized access from whitelisted domain: http://localhost:5173
[02/25, 18:15:30 EST] [INFO] Authorized access from whitelisted domain: https://sparkradar.app
[02/25, 18:15:26 EST] [INFO] Authorized access from whitelisted domain: http://localhost:5173
[02/25, 18:15:15 EST] [INFO] Authorized access from whitelisted domain: https://sparkradar.app
[02/25, 18:15:11 EST] [INFO] Authorized access from whitelisted domain: http://localhost:5173
[02/25, 18:15:00 EST] [INFO] Authorized access from whitelisted domain: https://sparkradar.app
[02/25, 18:14:56 EST] [INFO] Authorized access from whitelisted domain: http://localhost:5173
[02/25, 18:14:45 EST] [INFO] Authorized access from whitelisted domain: https://sparkradar.app
[02/25, 18:14:41 EST] [INFO] Authorized access from whitelisted domain: http://localhost:5173
[02/25, 18:14:30 EST] [INFO] Authorized access from whitelisted domain: https://sparkradar.app
[02/25, 18:14:26 EST] [INFO] Authorized access from whitelisted domain: http://localhost:5173
[02/25, 18:14:15 EST] [INFO] Authorized access from whitelisted domain: https://sparkradar.app
[02/25, 18:14:11 EST] [INFO] Authorized access from whitelisted domain: http://localhost:5173
[02/25, 18:14:00 EST] [INFO] Authorized access from whitelisted domain: https://sparkradar.app
[02/25, 18:13:56 EST] [INFO] Authorized access from whitelisted domain: http://localhost:5173
[02/25, 18:13:45 EST] [INFO] Authorized access from whitelisted domain: https://sparkradar.app
[02/25, 18:13:41 EST] [INFO] Authorized access from whitelisted domain: http://localhost:5173
[02/25, 18:13:30 EST] [INFO] Authorized access from whitelisted domain: https://sparkradar.app
[02/25, 18:13:26 EST] [INFO] Authorized access from whitelisted domain: http://localhost:5173
[02/25, 18:13:15 EST] [INFO] Authorized access from whitelisted domain: https://sparkradar.app
[02/25, 18:13:11 EST] [INFO] Authorized access from whitelisted domain: http://localhost:5173
[02/25, 18:13:00 EST] [INFO] Authorized access from whitelisted domain: https://sparkradar.app
[02/25, 18:12:56 EST] [INFO] Authorized access from whitelisted domain: http://localhost:5173
[02/25, 18:12:45 EST] [INFO] Authorized access from whitelisted domain: https://sparkradar.app
[02/25, 18:12:41 EST] [INFO] Authorized access from whitelisted domain: http://localhost:5173
[02/25, 18:12:37 EST] [INFO] Authorized access from whitelisted domain: https://sparkradar.app
[02/25, 18:12:37 EST] [INFO] Authorized access from whitelisted domain: http://localhost:5173
[02/25, 18:12:30 EST] [INFO] Authorized access from whitelisted domain: https://sparkradar.app
[02/25, 18:12:26 EST] [INFO] Authorized access from whitelisted domain: http://localhost:5173
[02/25, 18:12:15 EST] [INFO] Authorized access from whitelisted domain: https://sparkradar.app
[02/25, 18:12:11 EST] [INFO] Authorized access from whitelisted domain: http://localhost:5173
[02/25, 18:12:00 EST] [INFO] Authorized access from whitelisted domain: https://sparkradar.app
[02/25, 18:11:56 EST] [INFO] Authorized access from whitelisted domain: http://localhost:5173
[02/25, 18:11:45 EST] [INFO] Authorized access from whitelisted domain: https://sparkradar.app
[02/25, 18:11:41 EST] [INFO] Authorized access from whitelisted domain: http://localhost:5173
[02/25, 18:11:30 EST] [INFO] Authorized access from whitelisted domain: https://sparkradar.app
[02/25, 18:11:26 EST] [INFO] Authorized access from whitelisted domain: http://localhost:5173
[02/25, 18:11:15 EST] [INFO] Authorized access from whitelisted domain: https://sparkradar.app
[02/25, 18:11:11 EST] [INFO] Authorized access from whitelisted domain: http://localhost:5173
[02/25, 18:11:00 EST] [INFO] Authorized access from whitelisted domain: https://sparkradar.app
[02/25, 18:10:56 EST] [INFO] Authorized access from whitelisted domain: http://localhost:5173
[02/25, 18:10:45 EST] [INFO] Authorized access from whitelisted domain: https://sparkradar.app
[02/25, 18:10:41 EST] [INFO] Authorized access from whitelisted domain: http://localhost:5173
[02/25, 18:10:30 EST] [INFO] Authorized access from whitelisted domain: https://sparkradar.app
[02/25, 18:10:26 EST] [INFO] Authorized access from whitelisted domain: http://localhost:5173
[02/25, 18:10:15 EST] [INFO] Authorized access from whitelisted domain: https://sparkradar.app
[02/25, 18:10:11 EST] [INFO] Authorized access from whitelisted domain: http://localhost:5173
[02/25, 18:10:00 EST] [INFO] Authorized access from whitelisted domain: https://sparkradar.app
[02/25, 18:09:56 EST] [INFO] Authorized access from whitelisted domain: http://localhost:5173
[02/25, 18:09:45 EST] [INFO] Authorized access from whitelisted domain: https://sparkradar.app
[02/25, 18:09:41 EST] [INFO] Authorized access from whitelisted domain: http://localhost:5173
[02/25, 18:09:30 EST] [INFO] Authorized access from whitelisted domain: https://sparkradar.app
[02/25, 18:09:26 EST] [INFO] Authorized access from whitelisted domain: http://localhost:5173
[02/25, 18:09:23 EST] [INFO] ALLOW_NO_ORIGIN enabled — bypassing origin whitelist and auth for origin: none
[02/25, 18:09:15 EST] [INFO] Authorized access from whitelisted domain: https://sparkradar.app
[02/25, 18:09:13 EST] [INFO] Authorized access from whitelisted domain: http://localhost:5173
[02/25, 18:09:00 EST] [INFO] Authorized access from whitelisted domain: https://sparkradar.app
[02/25, 18:08:56 EST] [INFO] Authorized access from whitelisted domain: http://localhost:5173
[02/25, 18:08:54 EST] [INFO] No matching alert found to cancel.
[02/25, 18:08:45 EST] [INFO] Authorized access from whitelisted domain: https://sparkradar.app
[02/25, 18:08:41 EST] [INFO] Authorized access from whitelisted domain: http://localhost:5173
[02/25, 18:08:30 EST] [INFO] Authorized access from whitelisted domain: https://sparkradar.app
[02/25, 18:08:26 EST] [INFO] Authorized access from whitelisted domain: http://localhost:5173
[02/25, 18:08:15 EST] [INFO] Authorized access from whitelisted domain: https://sparkradar.app
[02/25, 18:08:11 EST] [INFO] Authorized access from whitelisted domain: http://localhost:5173
[02/25, 18:08:00 EST] [INFO] Authorized access from whitelisted domain: https://sparkradar.app
[02/25, 18:07:56 EST] [INFO] Authorized access from whitelisted domain: http://localhost:5173
[02/25, 18:07:45 EST] [INFO] Authorized access from whitelisted domain: https://sparkradar.app
[02/25, 18:07:41 EST] [INFO] Authorized access from whitelisted domain: http://localhost:5173
[02/25, 18:07:30 EST] [INFO] Authorized access from whitelisted domain: https://sparkradar.app
[02/25, 18:07:26 EST] [INFO] Authorized access from whitelisted domain: http://localhost:5173
[02/25, 18:07:15 EST] [INFO] Authorized access from whitelisted domain: https://sparkradar.app
[02/25, 18:07:11 EST] [INFO] Authorized access from whitelisted domain: http://localhost:5173
[02/25, 18:07:00 EST] [INFO] Authorized access from whitelisted domain: https://sparkradar.app
[02/25, 18:06:57 EST] [INFO] Authorized access from whitelisted domain: http://localhost:5173
[02/25, 18:06:45 EST] [INFO] Authorized access from whitelisted domain: https://sparkradar.app
[02/25, 18:06:41 EST] [INFO] Authorized access from whitelisted domain: http://localhost:5173
[02/25, 18:06:30 EST] [INFO] Authorized access from whitelisted domain: https://sparkradar.app
[02/25, 18:06:26 EST] [INFO] Authorized access from whitelisted domain: http://localhost:5173
[02/25, 18:06:15 EST] [INFO] Authorized access from whitelisted domain: https://sparkradar.app
[02/25, 18:06:12 EST] [INFO] Authorized access from whitelisted domain: http://localhost:5173
[02/25, 18:06:00 EST] [INFO] Authorized access from whitelisted domain: https://sparkradar.app
[02/25, 18:05:56 EST] [INFO] Authorized access from whitelisted domain: http://localhost:5173
[02/25, 18:05:45 EST] [INFO] Authorized access from whitelisted domain: https://sparkradar.app
[02/25, 18:05:41 EST] [INFO] Authorized access from whitelisted domain: http://localhost:5173
[02/25, 18:05:30 EST] [INFO] Authorized access from whitelisted domain: https://sparkradar.app
[02/25, 18:05:26 EST] [INFO] Authorized access from whitelisted domain: http://localhost:5173
[02/25, 18:05:15 EST] [INFO] Authorized access from whitelisted domain: https://sparkradar.app
[02/25, 18:05:11 EST] [INFO] Authorized access from whitelisted domain: http://localhost:5173
[02/25, 18:05:00 EST] [INFO] Authorized access from whitelisted domain: https://sparkradar.app
[02/25, 18:04:56 EST] [INFO] Authorized access from whitelisted domain: http://localhost:5173
[02/25, 18:04:45 EST] [INFO] Authorized access from whitelisted domain: https://sparkradar.app
[02/25, 18:04:41 EST] [INFO] Authorized access from whitelisted domain: http://localhost:5173
[02/25, 18:04:40 EST] [INFO] No matching alert found to cancel.
[02/25, 18:04:30 EST] [INFO] Authorized access from whitelisted domain: https://sparkradar.app
[02/25, 18:04:26 EST] [INFO] Authorized access from whitelisted domain: http://localhost:5173
[02/25, 18:04:15 EST] [INFO] Authorized access from whitelisted domain: https://sparkradar.app
[02/25, 18:04:11 EST] [INFO] Authorized access from whitelisted domain: http://localhost:5173
[02/25, 18:04:00 EST] [INFO] Authorized access from whitelisted domain: https://sparkradar.app
[02/25, 18:03:56 EST] [INFO] Authorized access from whitelisted domain: http://localhost:5173
[02/25, 18:03:45 EST] [INFO] Authorized access from whitelisted domain: https://sparkradar.app
[02/25, 18:03:41 EST] [INFO] Authorized access from whitelisted domain: http://localhost:5173
[02/25, 18:03:30 EST] [INFO] Authorized access from whitelisted domain: https://sparkradar.app
[02/25, 18:03:26 EST] [INFO] Authorized access from whitelisted domain: http://localhost:5173
[02/25, 18:03:15 EST] [INFO] Authorized access from whitelisted domain: https://sparkradar.app
[02/25, 18:03:11 EST] [INFO] Authorized access from whitelisted domain: http://localhost:5173
[02/25, 18:03:00 EST] [INFO] Authorized access from whitelisted domain: https://sparkradar.app
[02/25, 18:02:56 EST] [INFO] Authorized access from whitelisted domain: http://localhost:5173
[02/25, 18:02:45 EST] [INFO] Authorized access from whitelisted domain: https://sparkradar.app
[02/25, 18:02:41 EST] [INFO] Authorized access from whitelisted domain: http://localhost:5173
[02/25, 18:02:30 EST] [INFO] Authorized access from whitelisted domain: https://sparkradar.app
[02/25, 18:02:28 EST] [INFO] Authorized access from whitelisted domain: http://localhost:5173
[02/25, 18:02:15 EST] [INFO] Authorized access from whitelisted domain: https://sparkradar.app
[02/25, 18:02:11 EST] [INFO] Authorized access from whitelisted domain: http://localhost:5173
[02/25, 18:02:00 EST] [INFO] Authorized access from whitelisted domain: https://sparkradar.app
[02/25, 18:01:56 EST] [INFO] Authorized access from whitelisted domain: http://localhost:5173
[02/25, 18:01:45 EST] [INFO] Authorized access from whitelisted domain: https://sparkradar.app
[02/25, 18:01:41 EST] [INFO] Authorized access from whitelisted domain: http://localhost:5173
[02/25, 18:01:30 EST] [INFO] Authorized access from whitelisted domain: https://sparkradar.app
[02/25, 18:01:25 EST] [INFO] Authorized access from whitelisted domain: http://localhost:5173
[02/25, 18:01:15 EST] [INFO] Authorized access from whitelisted domain: https://sparkradar.app
[02/25, 18:01:10 EST] [INFO] Authorized access from whitelisted domain: http://localhost:5173
[02/25, 18:01:00 EST] [INFO] Authorized access from whitelisted domain: https://sparkradar.app
[02/25, 18:00:57 EST] [INFO] Authorized access from whitelisted domain: http://localhost:5173
[02/25, 18:00:45 EST] [INFO] Authorized access from whitelisted domain: https://sparkradar.app
[02/25, 18:00:40 EST] [INFO] Authorized access from whitelisted domain: http://localhost:5173
[02/25, 18:00:30 EST] [INFO] Authorized access from whitelisted domain: https://sparkradar.app
[02/25, 18:00:25 EST] [INFO] Authorized access from whitelisted domain: http://localhost:5173
[02/25, 18:00:15 EST] [INFO] Authorized access from whitelisted domain: https://sparkradar.app
[02/25, 18:00:11 EST] [INFO] Authorized access from whitelisted domain: http://localhost:5173
[02/25, 18:00:01 EST] [INFO] Authorized access from whitelisted domain: https://sparkradar.app
[02/25, 17:59:55 EST] [INFO] Authorized access from whitelisted domain: http://localhost:5173
[02/25, 17:59:45 EST] [INFO] Authorized access from whitelisted domain: https://sparkradar.app
[02/25, 17:59:40 EST] [INFO] Authorized access from whitelisted domain: http://localhost:5173
[02/25, 17:59:30 EST] [INFO] Authorized access from whitelisted domain: https://sparkradar.app
[02/25, 17:59:26 EST] [INFO] Authorized access from whitelisted domain: http://localhost:5173
[02/25, 17:59:23 EST] [INFO] ALLOW_NO_ORIGIN enabled — bypassing origin whitelist and auth for origin: none
[02/25, 17:59:15 EST] [INFO] Authorized access from whitelisted domain: https://sparkradar.app
[02/25, 17:59:10 EST] [INFO] Authorized access from whitelisted domain: http://localhost:5173
[02/25, 17:59:00 EST] [INFO] Authorized access from whitelisted domain: https://sparkradar.app
[02/25, 17:58:55 EST] [INFO] Authorized access from whitelisted domain: http://localhost:5173
[02/25, 17:58:45 EST] [INFO] Authorized access from whitelisted domain: https://sparkradar.app
[02/25, 17:58:41 EST] [INFO] Authorized access from whitelisted domain: http://localhost:5173
[02/25, 17:58:30 EST] [INFO] Authorized access from whitelisted domain: https://sparkradar.app
[02/25, 17:58:25 EST] [INFO] Authorized access from whitelisted domain: http://localhost:5173
[02/25, 17:58:15 EST] [INFO] Authorized access from whitelisted domain: https://sparkradar.app
[02/25, 17:58:10 EST] [INFO] Authorized access from whitelisted domain: http://localhost:5173
[02/25, 17:58:00 EST] [INFO] Authorized access from whitelisted domain: https://sparkradar.app
[02/25, 17:57:56 EST] [INFO] Authorized access from whitelisted domain: http://localhost:5173
[02/25, 17:57:45 EST] [INFO] Authorized access from whitelisted domain: https://sparkradar.app
[02/25, 17:57:40 EST] [INFO] Authorized access from whitelisted domain: http://localhost:5173
[02/25, 17:57:30 EST] [INFO] Authorized access from whitelisted domain: https://sparkradar.app
[02/25, 17:57:25 EST] [INFO] Authorized access from whitelisted domain: http://localhost:5173
[02/25, 17:57:15 EST] [INFO] Authorized access from whitelisted domain: https://sparkradar.app
[02/25, 17:57:10 EST] [INFO] Authorized access from whitelisted domain: http://localhost:5173
[02/25, 17:57:00 EST] [INFO] Authorized access from whitelisted domain: https://sparkradar.app
[02/25, 17:56:55 EST] [INFO] Authorized access from whitelisted domain: http://localhost:5173
[02/25, 17:56:45 EST] [INFO] Authorized access from whitelisted domain: https://sparkradar.app
[02/25, 17:56:40 EST] [INFO] Authorized access from whitelisted domain: http://localhost:5173
[02/25, 17:56:30 EST] [INFO] Authorized access from whitelisted domain: https://sparkradar.app
[02/25, 17:56:26 EST] [INFO] Authorized access from whitelisted domain: http://localhost:5173
[02/25, 17:56:15 EST] [INFO] Authorized access from whitelisted domain: https://sparkradar.app
[02/25, 17:56:10 EST] [INFO] Authorized access from whitelisted domain: http://localhost:5173
[02/25, 17:56:00 EST] [INFO] Authorized access from whitelisted domain: https://sparkradar.app
[02/25, 17:55:55 EST] [INFO] Authorized access from whitelisted domain: http://localhost:5173
[02/25, 17:55:45 EST] [INFO] Authorized access from whitelisted domain: https://sparkradar.app
[02/25, 17:55:42 EST] [INFO] Authorized access from whitelisted domain: http://localhost:5173
[02/25, 17:55:31 EST] [INFO] Authorized access from whitelisted domain: https://sparkradar.app
[02/25, 17:55:25 EST] [INFO] Authorized access from whitelisted domain: http://localhost:5173
[02/25, 17:55:21 EST] [INFO] Authorized access from whitelisted domain: https://sparkradar.app
[02/25, 17:55:21 EST] [INFO] Authorized access from whitelisted domain: http://localhost:5173
[02/25, 17:55:15 EST] [INFO] Authorized access from whitelisted domain: https://sparkradar.app
[02/25, 17:55:10 EST] [INFO] Authorized access from whitelisted domain: http://localhost:5173
[02/25, 17:55:00 EST] [INFO] Authorized access from whitelisted domain: https://sparkradar.app
[02/25, 17:54:55 EST] [INFO] Authorized access from whitelisted domain: http://localhost:5173
[02/25, 17:54:45 EST] [INFO] Authorized access from whitelisted domain: https://sparkradar.app
[02/25, 17:54:40 EST] [INFO] Authorized access from whitelisted domain: http://localhost:5173